Using pre-set license
Built from '2020.3/staging' branch; Version is '2020.3.13f1 (71691879b7f5) revision 7432472'; Using compiler version '192528614'; Build Type 'Release'
OS: 'Windows 10 Home; OS build 19042.1237; Version 2009; 64bit' Language: 'ja' Physical Memory: 3996 MB
BatchMode: 1, IsHumanControllingUs: 0, StartBugReporterOnCrash: 0, Is64bit: 1, IsPro: 0

 COMMAND LINE ARGUMENTS:
C:\Program Files\Unity\Hub\Editor\2020.3.13f1\Editor\Unity.exe
-adb2
-batchMode
-noUpm
-name
AssetImportWorker0
-projectPath
C:/Users/Owner/TowerDeffence
-logFile
Logs/AssetImportWorker0.log
-srvPort
51270
Successfully changed project path to: C:/Users/Owner/TowerDeffence
C:/Users/Owner/TowerDeffence
Using Asset Import Pipeline V2.
Refreshing native plugins compatible for Editor in 374.49 ms, found 3 plugins.
Preloading 0 native plugins for Editor in 0.00 ms.
Initialize engine version: 2020.3.13f1 (71691879b7f5)
[Subsystems] Discovering subsystems at path C:/Program Files/Unity/Hub/Editor/2020.3.13f1/Editor/Data/Resources/UnitySubsystems
[Subsystems] Discovering subsystems at path C:/Users/Owner/TowerDeffence/Assets
GfxDevice: creating device client; threaded=0
Direct3D:
    Version:  Direct3D 11.0 [level 11.1]
    Renderer: Intel(R) UHD Graphics 620 (ID=0x5917)
    Vendor:   
    VRAM:     1998 MB
    Driver:   26.20.100.8142
Initialize mono
Mono path[0] = 'C:/Program Files/Unity/Hub/Editor/2020.3.13f1/Editor/Data/Managed'
Mono path[1] = 'C:/Program Files/Unity/Hub/Editor/2020.3.13f1/Editor/Data/MonoBleedingEdge/lib/mono/unityjit'
Mono config path = 'C:/Program Files/Unity/Hub/Editor/2020.3.13f1/Editor/Data/MonoBleedingEdge/etc'
Using monoOptions --debugger-agent=transport=dt_socket,embedding=1,server=y,suspend=n,address=127.0.0.1:56224
Begin MonoManager ReloadAssembly
Registering precompiled unity dll's ...
Register platform support module: C:/Program Files/Unity/Hub/Editor/2020.3.13f1/Editor/Data/PlaybackEngines/WindowsStandaloneSupport/UnityEditor.WindowsStandalone.Extensions.dll
Registered in 0.007746 seconds.
Native extension for WindowsStandalone target not found
Refreshing native plugins compatible for Editor in 182.55 ms, found 3 plugins.
Preloading 0 native plugins for Editor in 0.00 ms.
Mono: successfully reloaded assembly
- Completed reload, in 11.437 seconds
Platform modules already initialized, skipping
Registering precompiled user dll's ...
Registered in 0.035001 seconds.
Begin MonoManager ReloadAssembly
Native extension for WindowsStandalone target not found
Refreshing native plugins compatible for Editor in 119.69 ms, found 3 plugins.
Preloading 0 native plugins for Editor in 0.00 ms.
Mono: successfully reloaded assembly
- Completed reload, in  3.506 seconds
Platform modules already initialized, skipping
========================================================================
Worker process is ready to serve import requests
Launched and connected shader compiler UnityShaderCompiler.exe after 0.11 seconds
Refreshing native plugins compatible for Editor in 0.58 ms, found 3 plugins.
Preloading 0 native plugins for Editor in 0.00 ms.
Unloading 2123 Unused Serialized files (Serialized files now loaded: 0)
System memory in use before: 94.4 MB.
System memory in use after: 94.4 MB.

Unloading 36 unused Assets to reduce memory usage. Loaded Objects now: 2563.
Total: 19.723600 ms (FindLiveObjects: 0.465700 ms CreateObjectMapping: 0.222600 ms MarkObjects: 17.815700 ms  DeleteObjects: 1.215400 ms)

AssetImportParameters requested are different than current active one (requested -> active):
  custom:framework-win-MediaFoundation: 216162199b28c13a410421893ffa2e32 -> 
  custom:video-decoder-ogg-theora: a1e56fd34408186e4bbccfd4996cb3dc -> 
  custom:container-muxer-webm: aa71ff27fc2769a1b78a27578f13a17b -> 
  custom:container-demuxer-webm: 4f35f7cbe854078d1ac9338744f61a02 -> 
  custom:container-demuxer-ogg: 62fdf1f143b41e24485cea50d1cbac27 -> 
  custom:video-encoder-webm-vp8: eb34c28f22e8b96e1ab97ce403110664 -> 
  custom:video-codec-MediaFoundation-h265: 746d11721c4dcdbdad8f713fa42b33f4 -> 
  custom:video-decoder-webm-vp8: 9c59270c3fd7afecdb556c50c9e8de78 -> 
  custom:audio-decoder-ogg-vorbis: bf7c407c2cedff20999df2af8eb42d56 -> 
  custom:audio-encoder-webm-vorbis: bf7c407c2cedff20999df2af8eb42d56 -> 
========================================================================
Received Import Request.
  path: Assets/Scripts/DataBaseManager.cs
  artifactKey: Guid(7d364e5e320fd9a4393984fdd3f60ad2) Importer(815301076,1909f56bfc062723c751e8b465ee728b)
Start importing Assets/Scripts/DataBaseManager.cs using Guid(7d364e5e320fd9a4393984fdd3f60ad2) Importer(815301076,1909f56bfc062723c751e8b465ee728b)  -> (artifact id: '77468a6e5ddc4a606da524b01e4198c0') in 0.148372 seconds 
  Import took 0.160360 seconds .

========================================================================
Received Import Request.
  Time since last request: 316.116951 seconds.
  path: Assets/Scripts/DataBaseManager.cs
  artifactKey: Guid(7d364e5e320fd9a4393984fdd3f60ad2) Importer(815301076,1909f56bfc062723c751e8b465ee728b)
Start importing Assets/Scripts/DataBaseManager.cs using Guid(7d364e5e320fd9a4393984fdd3f60ad2) Importer(815301076,1909f56bfc062723c751e8b465ee728b)  -> (artifact id: 'd3be451452de6a48fce5a173095e4355') in 0.050201 seconds 
  Import took 0.650986 seconds .

========================================================================
Received Import Request.
  Time since last request: 293.133102 seconds.
  path: Assets/Scripts/PlacemantCharaSelectPopUp.cs
  artifactKey: Guid(bc618555de8ce5547bd3c3bd6b3a2b49) Importer(815301076,1909f56bfc062723c751e8b465ee728b)
Start importing Assets/Scripts/PlacemantCharaSelectPopUp.cs using Guid(bc618555de8ce5547bd3c3bd6b3a2b49) Importer(815301076,1909f56bfc062723c751e8b465ee728b)  -> (artifact id: '075052425d9d367d5b0682b437b262ee') in 0.075596 seconds 
  Import took 0.174679 seconds .

========================================================================
Received Import Request.
  Time since last request: 614.259408 seconds.
  path: Assets/Prefabs/Chara_0.prefab
  artifactKey: Guid(d1697c8872a00074d84e0c31798e6eba) Importer(815301076,1909f56bfc062723c751e8b465ee728b)
Start importing Assets/Prefabs/Chara_0.prefab using Guid(d1697c8872a00074d84e0c31798e6eba) Importer(815301076,1909f56bfc062723c751e8b465ee728b)  -> (artifact id: '49eb3c310df7ed99f10c1130adc4145b') in 2.592263 seconds 
  Import took 2.792610 seconds .

========================================================================
Received Import Request.
  Time since last request: 0.002342 seconds.
  path: Assets/Prefabs/PathTranSet1.prefab
  artifactKey: Guid(93fed3011c7bdf745917f968e62cd11a) Importer(815301076,1909f56bfc062723c751e8b465ee728b)
Start importing Assets/Prefabs/PathTranSet1.prefab using Guid(93fed3011c7bdf745917f968e62cd11a) Importer(815301076,1909f56bfc062723c751e8b465ee728b)  -> (artifact id: 'b26d165f2f2c49e78e410983ff3d08dc') in 0.058629 seconds 
  Import took 0.073215 seconds .

========================================================================
Received Import Request.
  Time since last request: 0.000958 seconds.
  path: Assets/Prefabs/PathTranSet4.prefab
  artifactKey: Guid(332f29554e473f641a4aaa56faa08878) Importer(815301076,1909f56bfc062723c751e8b465ee728b)
Start importing Assets/Prefabs/PathTranSet4.prefab using Guid(332f29554e473f641a4aaa56faa08878) Importer(815301076,1909f56bfc062723c751e8b465ee728b)  -> (artifact id: '9b00d5f94c9446c5c38e989d11af39d8') in 0.026143 seconds 
  Import took 0.032820 seconds .

========================================================================
Received Import Request.
  Time since last request: 0.001338 seconds.
  path: Assets/Prefabs/PathTranSet2.prefab
  artifactKey: Guid(e6d2fe9f560f9fe4bba78ed10270212b) Importer(815301076,1909f56bfc062723c751e8b465ee728b)
Start importing Assets/Prefabs/PathTranSet2.prefab using Guid(e6d2fe9f560f9fe4bba78ed10270212b) Importer(815301076,1909f56bfc062723c751e8b465ee728b)  -> (artifact id: '64318b75446d15756ab5a383b9ddd87c') in 0.025500 seconds 
  Import took 0.032608 seconds .

========================================================================
Received Import Request.
  Time since last request: 0.000961 seconds.
  path: Assets/Prefabs/PathLine.prefab
  artifactKey: Guid(c3047d3b577b4644992190b045528b7c) Importer(815301076,1909f56bfc062723c751e8b465ee728b)
Start importing Assets/Prefabs/PathLine.prefab using Guid(c3047d3b577b4644992190b045528b7c) Importer(815301076,1909f56bfc062723c751e8b465ee728b)  -> (artifact id: '072b85b1a5977f07427951e6175b0d70') in 0.019868 seconds 
  Import took 0.027816 seconds .

========================================================================
Received Import Request.
  Time since last request: 0.000453 seconds.
  path: Assets/Prefabs/PlacementCharaSelectPopUp.prefab
  artifactKey: Guid(562591fd5aad64d4b83edb8f147cb0d8) Importer(815301076,1909f56bfc062723c751e8b465ee728b)
Start importing Assets/Prefabs/PlacementCharaSelectPopUp.prefab using Guid(562591fd5aad64d4b83edb8f147cb0d8) Importer(815301076,1909f56bfc062723c751e8b465ee728b)  -> (artifact id: '9525ac83c560739670c3f6569250853a') in 0.111168 seconds 
  Import took 0.121933 seconds .

========================================================================
Received Import Request.
  Time since last request: 0.001316 seconds.
  path: Assets/Prefabs/魔王_0.prefab
  artifactKey: Guid(2e2eaa41b91b87c42a69f7ee43d84814) Importer(815301076,1909f56bfc062723c751e8b465ee728b)
Start importing Assets/Prefabs/魔王_0.prefab using Guid(2e2eaa41b91b87c42a69f7ee43d84814) Importer(815301076,1909f56bfc062723c751e8b465ee728b)  -> (artifact id: 'd498d7c59c893ba12fc428797ab396d5') in 0.077329 seconds 
  Import took 0.084329 seconds .

========================================================================
Received Import Request.
  Time since last request: 0.000415 seconds.
  path: Assets/Prefabs/PathTranSet3.prefab
  artifactKey: Guid(1c0f36c6d178f374c81edb10641466a0) Importer(815301076,1909f56bfc062723c751e8b465ee728b)
Start importing Assets/Prefabs/PathTranSet3.prefab using Guid(1c0f36c6d178f374c81edb10641466a0) Importer(815301076,1909f56bfc062723c751e8b465ee728b)  -> (artifact id: '4a36974c3e0c434a7d1e4330ecfa3d70') in 0.022804 seconds 
  Import took 0.028890 seconds .

