Using pre-set license
Built from '2020.3/staging' branch; Version is '2020.3.13f1 (71691879b7f5) revision 7432472'; Using compiler version '192528614'; Build Type 'Release'
OS: 'Windows 10 Home; OS build 19042.1237; Version 2009; 64bit' Language: 'ja' Physical Memory: 3996 MB
BatchMode: 1, IsHumanControllingUs: 0, StartBugReporterOnCrash: 0, Is64bit: 1, IsPro: 0

 COMMAND LINE ARGUMENTS:
C:\Program Files\Unity\Hub\Editor\2020.3.13f1\Editor\Unity.exe
-adb2
-batchMode
-noUpm
-name
AssetImportWorker1
-projectPath
C:/Users/Owner/TowerDeffence
-logFile
Logs/AssetImportWorker1.log
-srvPort
55129
Successfully changed project path to: C:/Users/Owner/TowerDeffence
C:/Users/Owner/TowerDeffence
Using Asset Import Pipeline V2.
Refreshing native plugins compatible for Editor in 57.57 ms, found 3 plugins.
Preloading 0 native plugins for Editor in 0.00 ms.
Initialize engine version: 2020.3.13f1 (71691879b7f5)
[Subsystems] Discovering subsystems at path C:/Program Files/Unity/Hub/Editor/2020.3.13f1/Editor/Data/Resources/UnitySubsystems
[Subsystems] Discovering subsystems at path C:/Users/Owner/TowerDeffence/Assets
GfxDevice: creating device client; threaded=0
Direct3D:
    Version:  Direct3D 11.0 [level 11.1]
    Renderer: Intel(R) UHD Graphics 620 (ID=0x5917)
    Vendor:   
    VRAM:     1998 MB
    Driver:   26.20.100.8142
Initialize mono
Mono path[0] = 'C:/Program Files/Unity/Hub/Editor/2020.3.13f1/Editor/Data/Managed'
Mono path[1] = 'C:/Program Files/Unity/Hub/Editor/2020.3.13f1/Editor/Data/MonoBleedingEdge/lib/mono/unityjit'
Mono config path = 'C:/Program Files/Unity/Hub/Editor/2020.3.13f1/Editor/Data/MonoBleedingEdge/etc'
Using monoOptions --debugger-agent=transport=dt_socket,embedding=1,server=y,suspend=n,address=127.0.0.1:56636
Begin MonoManager ReloadAssembly
Registering precompiled unity dll's ...
Register platform support module: C:/Program Files/Unity/Hub/Editor/2020.3.13f1/Editor/Data/PlaybackEngines/WindowsStandaloneSupport/UnityEditor.WindowsStandalone.Extensions.dll
Registered in 0.002484 seconds.
Native extension for WindowsStandalone target not found
Refreshing native plugins compatible for Editor in 54.10 ms, found 3 plugins.
Preloading 0 native plugins for Editor in 0.00 ms.
Mono: successfully reloaded assembly
- Completed reload, in  2.364 seconds
Platform modules already initialized, skipping
Registering precompiled user dll's ...
Registered in 0.006920 seconds.
Begin MonoManager ReloadAssembly
Native extension for WindowsStandalone target not found
Refreshing native plugins compatible for Editor in 55.08 ms, found 3 plugins.
Preloading 0 native plugins for Editor in 0.00 ms.
Mono: successfully reloaded assembly
- Completed reload, in  5.819 seconds
Platform modules already initialized, skipping
========================================================================
Worker process is ready to serve import requests
Launched and connected shader compiler UnityShaderCompiler.exe after 0.15 seconds
Refreshing native plugins compatible for Editor in 0.55 ms, found 3 plugins.
Preloading 0 native plugins for Editor in 0.00 ms.
Unloading 2118 Unused Serialized files (Serialized files now loaded: 0)
System memory in use before: 94.3 MB.
System memory in use after: 94.2 MB.

Unloading 36 unused Assets to reduce memory usage. Loaded Objects now: 2557.
Total: 16.033600 ms (FindLiveObjects: 0.280500 ms CreateObjectMapping: 0.084700 ms MarkObjects: 14.745800 ms  DeleteObjects: 0.919900 ms)

AssetImportParameters requested are different than current active one (requested -> active):
  custom:framework-win-MediaFoundation: 216162199b28c13a410421893ffa2e32 -> 
  custom:video-decoder-ogg-theora: a1e56fd34408186e4bbccfd4996cb3dc -> 
  custom:container-muxer-webm: aa71ff27fc2769a1b78a27578f13a17b -> 
  custom:container-demuxer-webm: 4f35f7cbe854078d1ac9338744f61a02 -> 
  custom:container-demuxer-ogg: 62fdf1f143b41e24485cea50d1cbac27 -> 
  custom:video-encoder-webm-vp8: eb34c28f22e8b96e1ab97ce403110664 -> 
  custom:video-codec-MediaFoundation-h265: 746d11721c4dcdbdad8f713fa42b33f4 -> 
  custom:video-decoder-webm-vp8: 9c59270c3fd7afecdb556c50c9e8de78 -> 
  custom:audio-decoder-ogg-vorbis: bf7c407c2cedff20999df2af8eb42d56 -> 
  custom:audio-encoder-webm-vorbis: bf7c407c2cedff20999df2af8eb42d56 -> 
========================================================================
Received Import Request.
  path: Assets/Deta
  artifactKey: Guid(deb9d8da4b7b5e04397b9d268a6201af) Importer(815301076,1909f56bfc062723c751e8b465ee728b)
Start importing Assets/Deta using Guid(deb9d8da4b7b5e04397b9d268a6201af) Importer(815301076,1909f56bfc062723c751e8b465ee728b)  -> (artifact id: '73cd04d9b561ac9c5b768c2376aba561') in 0.019790 seconds 
  Import took 0.029406 seconds .

========================================================================
Received Import Request.
  Time since last request: 5.987631 seconds.
  path: Assets/Datas
  artifactKey: Guid(deb9d8da4b7b5e04397b9d268a6201af) Importer(815301076,1909f56bfc062723c751e8b465ee728b)
Start importing Assets/Datas using Guid(deb9d8da4b7b5e04397b9d268a6201af) Importer(815301076,1909f56bfc062723c751e8b465ee728b)  -> (artifact id: '29f64ad7c10a7c85a0ba58905b6903cb') in 0.029439 seconds 
  Import took 0.037178 seconds .

========================================================================
Received Import Request.
  Time since last request: 7.886722 seconds.
  path: Assets/Datas/CharaDataSO.asset
  artifactKey: Guid(ff49bf0c1709bc14f9a20dd8f4aec515) Importer(815301076,1909f56bfc062723c751e8b465ee728b)
Start importing Assets/Datas/CharaDataSO.asset using Guid(ff49bf0c1709bc14f9a20dd8f4aec515) Importer(815301076,1909f56bfc062723c751e8b465ee728b)  -> (artifact id: 'ec8cc6f45261a0ac01e9178e021a5731') in 0.062920 seconds 
  Import took 0.068871 seconds .

========================================================================
Received Import Request.
  Time since last request: 27.624133 seconds.
  path: Assets/Datas/AttackRangeSuzeSO.asset
  artifactKey: Guid(ff49bf0c1709bc14f9a20dd8f4aec515) Importer(815301076,1909f56bfc062723c751e8b465ee728b)
Start importing Assets/Datas/AttackRangeSuzeSO.asset using Guid(ff49bf0c1709bc14f9a20dd8f4aec515) Importer(815301076,1909f56bfc062723c751e8b465ee728b)  -> (artifact id: '48f99a9187f62588897a4141ab336173') in 0.016978 seconds 
  Import took 0.027793 seconds .

========================================================================
Received Import Request.
  Time since last request: 6.784346 seconds.
  path: Assets/Datas/CharaDataSO.asset
  artifactKey: Guid(cba229262b119144d852faee22436b2d) Importer(815301076,1909f56bfc062723c751e8b465ee728b)
Start importing Assets/Datas/CharaDataSO.asset using Guid(cba229262b119144d852faee22436b2d) Importer(815301076,1909f56bfc062723c751e8b465ee728b)  -> (artifact id: 'dcbef20b7d46563747b518fe70d22bc1') in 0.010941 seconds 
  Import took 0.018396 seconds .

========================================================================
Received Import Request.
  Time since last request: 0.008242 seconds.
  path: Assets/Datas/CharaDataSO.asset
  artifactKey: Guid(cba229262b119144d852faee22436b2d) Importer(815301076,1909f56bfc062723c751e8b465ee728b)
Start importing Assets/Datas/CharaDataSO.asset using Guid(cba229262b119144d852faee22436b2d) Importer(815301076,1909f56bfc062723c751e8b465ee728b)  -> (artifact id: 'dcbef20b7d46563747b518fe70d22bc1') in 0.008170 seconds 
  Import took 0.015567 seconds .

========================================================================
Received Import Request.
  Time since last request: 15.896454 seconds.
  path: Assets/Datas/CharaDataSO 1.asset
  artifactKey: Guid(868015ce00815734fabe86d01341282d) Importer(815301076,1909f56bfc062723c751e8b465ee728b)
Start importing Assets/Datas/CharaDataSO 1.asset using Guid(868015ce00815734fabe86d01341282d) Importer(815301076,1909f56bfc062723c751e8b465ee728b)  -> (artifact id: 'a539920d198c7f0cfed88fed537d06e1') in 0.020748 seconds 
  Import took 0.029503 seconds .

========================================================================
Received Import Request.
  Time since last request: 13.707948 seconds.
  path: Assets/Datas/EnemyDataSO.asset
  artifactKey: Guid(cba229262b119144d852faee22436b2d) Importer(815301076,1909f56bfc062723c751e8b465ee728b)
Start importing Assets/Datas/EnemyDataSO.asset using Guid(cba229262b119144d852faee22436b2d) Importer(815301076,1909f56bfc062723c751e8b465ee728b)  -> (artifact id: 'f36b479dfa95c6484ca3eb58ccbcd73b') in 0.018743 seconds 
  Import took 0.028508 seconds .

========================================================================
Received Import Request.
  Time since last request: 12.464040 seconds.
  path: Assets/Datas/CharaDataSO.asset
  artifactKey: Guid(01ed74c763eadc0418aef8f4b6199688) Importer(815301076,1909f56bfc062723c751e8b465ee728b)
Start importing Assets/Datas/CharaDataSO.asset using Guid(01ed74c763eadc0418aef8f4b6199688) Importer(815301076,1909f56bfc062723c751e8b465ee728b)  -> (artifact id: 'f467a03cb066ca438ae0de2a2eb1b4e6') in 0.014687 seconds 
  Import took 0.020307 seconds .

========================================================================
Received Import Request.
  Time since last request: 0.006668 seconds.
  path: Assets/Datas/CharaDataSO.asset
  artifactKey: Guid(01ed74c763eadc0418aef8f4b6199688) Importer(815301076,1909f56bfc062723c751e8b465ee728b)
Start importing Assets/Datas/CharaDataSO.asset using Guid(01ed74c763eadc0418aef8f4b6199688) Importer(815301076,1909f56bfc062723c751e8b465ee728b)  -> (artifact id: 'f467a03cb066ca438ae0de2a2eb1b4e6') in 0.009187 seconds 
  Import took 0.013548 seconds .

========================================================================
Received Import Request.
  Time since last request: 12.009482 seconds.
  path: Assets/Datas/StageDataSO.asset
  artifactKey: Guid(01ed74c763eadc0418aef8f4b6199688) Importer(815301076,1909f56bfc062723c751e8b465ee728b)
Start importing Assets/Datas/StageDataSO.asset using Guid(01ed74c763eadc0418aef8f4b6199688) Importer(815301076,1909f56bfc062723c751e8b465ee728b)  -> (artifact id: '27a37021d4ae6c4789ae90226903b2a2') in 0.016227 seconds 
  Import took 0.022247 seconds .

========================================================================
Received Import Request.
  Time since last request: 0.005315 seconds.
  path: Assets/Datas/StageDataSO.asset
  artifactKey: Guid(01ed74c763eadc0418aef8f4b6199688) Importer(815301076,1909f56bfc062723c751e8b465ee728b)
Start importing Assets/Datas/StageDataSO.asset using Guid(01ed74c763eadc0418aef8f4b6199688) Importer(815301076,1909f56bfc062723c751e8b465ee728b)  -> (artifact id: '27a37021d4ae6c4789ae90226903b2a2') in 0.009099 seconds 
  Import took 0.015660 seconds .

========================================================================
Received Prepare
Registering precompiled user dll's ...
Registered in 0.072161 seconds.
Begin MonoManager ReloadAssembly
Native extension for WindowsStandalone target not found
Refreshing native plugins compatible for Editor in 1.20 ms, found 3 plugins.
Preloading 0 native plugins for Editor in 0.00 ms.
Mono: successfully reloaded assembly
- Completed reload, in  9.853 seconds
Platform modules already initialized, skipping
Refreshing native plugins compatible for Editor in 3.63 ms, found 3 plugins.
Preloading 0 native plugins for Editor in 0.00 ms.
Unloading 2111 Unused Serialized files (Serialized files now loaded: 0)
System memory in use before: 94.0 MB.
System memory in use after: 94.0 MB.

Unloading 24 unused Assets to reduce memory usage. Loaded Objects now: 2561.
Total: 14.355200 ms (FindLiveObjects: 1.000200 ms CreateObjectMapping: 0.166400 ms MarkObjects: 12.728900 ms  DeleteObjects: 0.457200 ms)

AssetImportParameters requested are different than current active one (requested -> active):
  custom:framework-win-MediaFoundation: 216162199b28c13a410421893ffa2e32 -> 
  custom:video-decoder-ogg-theora: a1e56fd34408186e4bbccfd4996cb3dc -> 
  custom:container-muxer-webm: aa71ff27fc2769a1b78a27578f13a17b -> 
  custom:container-demuxer-webm: 4f35f7cbe854078d1ac9338744f61a02 -> 
  custom:container-demuxer-ogg: 62fdf1f143b41e24485cea50d1cbac27 -> 
  custom:video-encoder-webm-vp8: eb34c28f22e8b96e1ab97ce403110664 -> 
  custom:video-codec-MediaFoundation-h265: 746d11721c4dcdbdad8f713fa42b33f4 -> 
  custom:video-decoder-webm-vp8: 9c59270c3fd7afecdb556c50c9e8de78 -> 
  custom:audio-decoder-ogg-vorbis: bf7c407c2cedff20999df2af8eb42d56 -> 
  custom:audio-encoder-webm-vorbis: bf7c407c2cedff20999df2af8eb42d56 -> 
========================================================================
Received Import Request.
  Time since last request: 506.838386 seconds.
  path: Assets/Texture/Field/ぴぽやキャラチップ32出力素材/現代系/学校セット/制服1冬服_女_01.png
  artifactKey: Guid(295f83e0b2198bb48a2f7a59dc7a3c85) Importer(815301076,1909f56bfc062723c751e8b465ee728b)
Start importing Assets/Texture/Field/ぴぽやキャラチップ32出力素材/現代系/学校セット/制服1冬服_女_01.png using Guid(295f83e0b2198bb48a2f7a59dc7a3c85) Importer(815301076,1909f56bfc062723c751e8b465ee728b)  -> (artifact id: 'f2b2ff0453672c9e42e09e9fa8e74e85') in 0.317593 seconds 
  Import took 0.326800 seconds .

========================================================================
Received Import Request.
  Time since last request: 0.000662 seconds.
  path: Assets/Texture/Field/ぴぽやキャラチップ32出力素材/現代系/学校セット/制服1夏服_女_12.png
  artifactKey: Guid(b7a1e2508fb494b48b128e30977a71b0) Importer(815301076,1909f56bfc062723c751e8b465ee728b)
Start importing Assets/Texture/Field/ぴぽやキャラチップ32出力素材/現代系/学校セット/制服1夏服_女_12.png using Guid(b7a1e2508fb494b48b128e30977a71b0) Importer(815301076,1909f56bfc062723c751e8b465ee728b)  -> (artifact id: 'f2d982ad323f4eb105b8bff80ccc632a') in 0.046340 seconds 
  Import took 0.053578 seconds .

========================================================================
Received Import Request.
  Time since last request: 0.000238 seconds.
  path: Assets/Texture/Field/ぴぽやキャラチップ32出力素材/現代系/学校セット/制服1冬服_男_04.png
  artifactKey: Guid(92ac5fde14cf907459f178db0d1250a3) Importer(815301076,1909f56bfc062723c751e8b465ee728b)
Start importing Assets/Texture/Field/ぴぽやキャラチップ32出力素材/現代系/学校セット/制服1冬服_男_04.png using Guid(92ac5fde14cf907459f178db0d1250a3) Importer(815301076,1909f56bfc062723c751e8b465ee728b)  -> (artifact id: '0d0d4e33c4c2715e8f5f53430288b028') in 0.083107 seconds 
  Import took 0.092962 seconds .

========================================================================
Received Import Request.
  Time since last request: 0.000512 seconds.
  path: Assets/Texture/Field/ぴぽやキャラチップ32出力素材/現代系/学校セット/制服1冬服_男_06.png
  artifactKey: Guid(88b324cf947d868438d835df38a80d3e) Importer(815301076,1909f56bfc062723c751e8b465ee728b)
Start importing Assets/Texture/Field/ぴぽやキャラチップ32出力素材/現代系/学校セット/制服1冬服_男_06.png using Guid(88b324cf947d868438d835df38a80d3e) Importer(815301076,1909f56bfc062723c751e8b465ee728b)  -> (artifact id: '44729769663f967c6cbe6b3df522e836') in 0.053868 seconds 
  Import took 0.062501 seconds .

========================================================================
Received Import Request.
  Time since last request: 0.000271 seconds.
  path: Assets/Texture/Field/ぴぽやキャラチップ32出力素材/現代系/学校セット/先生_男_02.png
  artifactKey: Guid(588a0de3fea60924c9718d296f0be2d4) Importer(815301076,1909f56bfc062723c751e8b465ee728b)
Start importing Assets/Texture/Field/ぴぽやキャラチップ32出力素材/現代系/学校セット/先生_男_02.png using Guid(588a0de3fea60924c9718d296f0be2d4) Importer(815301076,1909f56bfc062723c751e8b465ee728b)  -> (artifact id: 'b2c49c768f4d225359e402dca44742e7') in 0.052991 seconds 
  Import took 0.060840 seconds .

========================================================================
Received Import Request.
  Time since last request: 0.000320 seconds.
  path: Assets/Texture/Field/ぴぽやキャラチップ32出力素材/現代系/学校セット/制服1冬服_女_17.png
  artifactKey: Guid(487adb1c73ad8f24ebf99dca5bb15ab7) Importer(815301076,1909f56bfc062723c751e8b465ee728b)
Start importing Assets/Texture/Field/ぴぽやキャラチップ32出力素材/現代系/学校セット/制服1冬服_女_17.png using Guid(487adb1c73ad8f24ebf99dca5bb15ab7) Importer(815301076,1909f56bfc062723c751e8b465ee728b)  -> (artifact id: 'b1547bf1d50c3195a79912aa93049c9a') in 0.046598 seconds 
  Import took 0.052847 seconds .

========================================================================
Received Import Request.
  Time since last request: 0.000329 seconds.
  path: Assets/Texture/Field/ぴぽやキャラチップ32出力素材/現代系/学校セット/先生_女_02.png
  artifactKey: Guid(5a0cb5b628ce3214998ac82ffa31a4aa) Importer(815301076,1909f56bfc062723c751e8b465ee728b)
Start importing Assets/Texture/Field/ぴぽやキャラチップ32出力素材/現代系/学校セット/先生_女_02.png using Guid(5a0cb5b628ce3214998ac82ffa31a4aa) Importer(815301076,1909f56bfc062723c751e8b465ee728b)  -> (artifact id: '8d86cff97de0191197fcfd0764c84779') in 0.046601 seconds 
  Import took 0.054565 seconds .

========================================================================
Received Import Request.
  Time since last request: 0.000379 seconds.
  path: Assets/Texture/Field/ぴぽやキャラチップ32出力素材/現代系/学校セット/制服1冬服_男_10.png
  artifactKey: Guid(218ba4f0ac3fcd24f93b857d55454c38) Importer(815301076,1909f56bfc062723c751e8b465ee728b)
Start importing Assets/Texture/Field/ぴぽやキャラチップ32出力素材/現代系/学校セット/制服1冬服_男_10.png using Guid(218ba4f0ac3fcd24f93b857d55454c38) Importer(815301076,1909f56bfc062723c751e8b465ee728b)  -> (artifact id: 'a1b8886d80328d64592541b826867cdd') in 0.050181 seconds 
  Import took 0.060565 seconds .

========================================================================
Received Import Request.
  Time since last request: 0.000360 seconds.
  path: Assets/Texture/Field/ぴぽやキャラチップ32出力素材/現代系/学校セット/制服1夏服_男_06.png
  artifactKey: Guid(7eb10bf7766440a469467817a05c1de0) Importer(815301076,1909f56bfc062723c751e8b465ee728b)
Start importing Assets/Texture/Field/ぴぽやキャラチップ32出力素材/現代系/学校セット/制服1夏服_男_06.png using Guid(7eb10bf7766440a469467817a05c1de0) Importer(815301076,1909f56bfc062723c751e8b465ee728b)  -> (artifact id: '2c366fccd195295b8ec3ff87b02000c7') in 0.047633 seconds 
  Import took 0.053462 seconds .

========================================================================
Received Import Request.
  Time since last request: 0.000251 seconds.
  path: Assets/Texture/Field/ぴぽやキャラチップ32出力素材/現代系/学校セット/先生_男_01.png
  artifactKey: Guid(d0fadf8939c0b3c4fbf0c0c3496011fe) Importer(815301076,1909f56bfc062723c751e8b465ee728b)
Start importing Assets/Texture/Field/ぴぽやキャラチップ32出力素材/現代系/学校セット/先生_男_01.png using Guid(d0fadf8939c0b3c4fbf0c0c3496011fe) Importer(815301076,1909f56bfc062723c751e8b465ee728b)  -> (artifact id: 'd0649452346494cd1fef63db927237aa') in 0.044583 seconds 
  Import took 0.054149 seconds .

========================================================================
Received Import Request.
  Time since last request: 0.000252 seconds.
  path: Assets/Texture/Field/ぴぽやキャラチップ32出力素材/現代系/学校セット/先生_女_03.png
  artifactKey: Guid(8135b83ec87e7714db0ad8c1356de444) Importer(815301076,1909f56bfc062723c751e8b465ee728b)
Start importing Assets/Texture/Field/ぴぽやキャラチップ32出力素材/現代系/学校セット/先生_女_03.png using Guid(8135b83ec87e7714db0ad8c1356de444) Importer(815301076,1909f56bfc062723c751e8b465ee728b)  -> (artifact id: 'f5aa98a953665f20d354b30b5cd75cc4') in 0.047186 seconds 
  Import took 0.054284 seconds .

========================================================================
Received Import Request.
  Time since last request: 0.000237 seconds.
  path: Assets/Texture/Field/ぴぽやキャラチップ32出力素材/現代系/学校セット/制服1夏服_女_04.png
  artifactKey: Guid(cba51b229a80c3c4fbff35d130de1a10) Importer(815301076,1909f56bfc062723c751e8b465ee728b)
Start importing Assets/Texture/Field/ぴぽやキャラチップ32出力素材/現代系/学校セット/制服1夏服_女_04.png using Guid(cba51b229a80c3c4fbff35d130de1a10) Importer(815301076,1909f56bfc062723c751e8b465ee728b)  -> (artifact id: '73f671fdd41f8d79dddd1b2a2c847ad2') in 0.046336 seconds 
  Import took 0.052028 seconds .

========================================================================
Received Import Request.
  Time since last request: 0.000270 seconds.
  path: Assets/Texture/Field/ぴぽやキャラチップ32出力素材/現代系/学校セット/先生_男_03.png
  artifactKey: Guid(e5acc759b6e3f024c98f269b0c541b0f) Importer(815301076,1909f56bfc062723c751e8b465ee728b)
Start importing Assets/Texture/Field/ぴぽやキャラチップ32出力素材/現代系/学校セット/先生_男_03.png using Guid(e5acc759b6e3f024c98f269b0c541b0f) Importer(815301076,1909f56bfc062723c751e8b465ee728b)  -> (artifact id: 'ae475c6a2d466af1917686a3be20819a') in 0.048252 seconds 
  Import took 0.055117 seconds .

========================================================================
Received Import Request.
  Time since last request: 0.000269 seconds.
  path: Assets/Texture/Field/ぴぽやキャラチップ32出力素材/現代系/学校セット/制服1夏服_男_04.png
  artifactKey: Guid(8797716bd54ddc448b987d048d5415bf) Importer(815301076,1909f56bfc062723c751e8b465ee728b)
Start importing Assets/Texture/Field/ぴぽやキャラチップ32出力素材/現代系/学校セット/制服1夏服_男_04.png using Guid(8797716bd54ddc448b987d048d5415bf) Importer(815301076,1909f56bfc062723c751e8b465ee728b)  -> (artifact id: 'e2d0d8e6ee2c68c7c46213fd5af7df66') in 0.052843 seconds 
  Import took 0.061055 seconds .

========================================================================
Received Import Request.
  Time since last request: 0.000242 seconds.
  path: Assets/Texture/Field/ぴぽやキャラチップ32出力素材/現代系/学校セット/制服1夏服_女_13.png
  artifactKey: Guid(8b16edc60bf7df8499eca1a9c5e1ad3d) Importer(815301076,1909f56bfc062723c751e8b465ee728b)
Start importing Assets/Texture/Field/ぴぽやキャラチップ32出力素材/現代系/学校セット/制服1夏服_女_13.png using Guid(8b16edc60bf7df8499eca1a9c5e1ad3d) Importer(815301076,1909f56bfc062723c751e8b465ee728b)  -> (artifact id: '761613154698605f55c2e7bddb5a3fe4') in 0.046617 seconds 
  Import took 0.052314 seconds .

========================================================================
Received Import Request.
  Time since last request: 0.000246 seconds.
  path: Assets/Texture/Field/ぴぽやキャラチップ32出力素材/現代系/学校セット/制服1夏服_女_17.png
  artifactKey: Guid(e14085be0a2e8a04e84446451cb930a6) Importer(815301076,1909f56bfc062723c751e8b465ee728b)
Start importing Assets/Texture/Field/ぴぽやキャラチップ32出力素材/現代系/学校セット/制服1夏服_女_17.png using Guid(e14085be0a2e8a04e84446451cb930a6) Importer(815301076,1909f56bfc062723c751e8b465ee728b)  -> (artifact id: 'd22470567f3a47f3aa8ccf5510e9226a') in 0.056258 seconds 
  Import took 0.063119 seconds .

========================================================================
Received Import Request.
  Time since last request: 0.000249 seconds.
  path: Assets/Texture/Field/ぴぽやキャラチップ32出力素材/現代系/学校セット/制服1冬服_女_04.png
  artifactKey: Guid(7b706c213ac8d694a95972c48c9be8d3) Importer(815301076,1909f56bfc062723c751e8b465ee728b)
Start importing Assets/Texture/Field/ぴぽやキャラチップ32出力素材/現代系/学校セット/制服1冬服_女_04.png using Guid(7b706c213ac8d694a95972c48c9be8d3) Importer(815301076,1909f56bfc062723c751e8b465ee728b)  -> (artifact id: '9e216a8cd981cf55bceb107c7187132c') in 0.044614 seconds 
  Import took 0.049509 seconds .

========================================================================
Received Import Request.
  Time since last request: 0.000229 seconds.
  path: Assets/Texture/Field/ぴぽやキャラチップ32出力素材/現代系/学校セット/制服1夏服_男_01.png
  artifactKey: Guid(68aa1caa984ac574dae65e7c3b829553) Importer(815301076,1909f56bfc062723c751e8b465ee728b)
Start importing Assets/Texture/Field/ぴぽやキャラチップ32出力素材/現代系/学校セット/制服1夏服_男_01.png using Guid(68aa1caa984ac574dae65e7c3b829553) Importer(815301076,1909f56bfc062723c751e8b465ee728b)  -> (artifact id: 'efabf01a102c9954419b91271e3c37eb') in 0.042263 seconds 
  Import took 0.048576 seconds .

========================================================================
Received Import Request.
  Time since last request: 0.000284 seconds.
  path: Assets/Texture/Field/ぴぽやキャラチップ32出力素材/現代系/学校セット/制服1冬服_女_12.png
  artifactKey: Guid(0d963bc5c0b8859499a73d40ad1c7700) Importer(815301076,1909f56bfc062723c751e8b465ee728b)
Start importing Assets/Texture/Field/ぴぽやキャラチップ32出力素材/現代系/学校セット/制服1冬服_女_12.png using Guid(0d963bc5c0b8859499a73d40ad1c7700) Importer(815301076,1909f56bfc062723c751e8b465ee728b)  -> (artifact id: '8ddafdce650f7b984a0d9f99d16d6c83') in 0.049503 seconds 
  Import took 0.055232 seconds .

========================================================================
Received Import Request.
  Time since last request: 0.000367 seconds.
  path: Assets/Texture/Field/ぴぽやキャラチップ32出力素材/現代系/学校セット/制服1冬服_女_13.png
  artifactKey: Guid(4a4b65859580e754186c6e268b54b658) Importer(815301076,1909f56bfc062723c751e8b465ee728b)
Start importing Assets/Texture/Field/ぴぽやキャラチップ32出力素材/現代系/学校セット/制服1冬服_女_13.png using Guid(4a4b65859580e754186c6e268b54b658) Importer(815301076,1909f56bfc062723c751e8b465ee728b)  -> (artifact id: 'd8322a7fd94a303d23d33a635e423cff') in 0.039429 seconds 
  Import took 0.049758 seconds .

========================================================================
Received Import Request.
  Time since last request: 0.000348 seconds.
  path: Assets/Texture/Field/ぴぽやキャラチップ32出力素材/現代系/学校セット/制服1冬服_男_12.png
  artifactKey: Guid(5510ceff2dabb6341844c32d0c14a4a2) Importer(815301076,1909f56bfc062723c751e8b465ee728b)
Start importing Assets/Texture/Field/ぴぽやキャラチップ32出力素材/現代系/学校セット/制服1冬服_男_12.png using Guid(5510ceff2dabb6341844c32d0c14a4a2) Importer(815301076,1909f56bfc062723c751e8b465ee728b)  -> (artifact id: 'bb410b89a19e96fa427b0a5fced7625c') in 0.047455 seconds 
  Import took 0.058080 seconds .

========================================================================
Received Import Request.
  Time since last request: 0.000350 seconds.
  path: Assets/Texture/Field/ぴぽやキャラチップ32出力素材/現代系/学校セット/先生_女_04.png
  artifactKey: Guid(08b8bd12b5d42934d94c03461f7ba105) Importer(815301076,1909f56bfc062723c751e8b465ee728b)
Start importing Assets/Texture/Field/ぴぽやキャラチップ32出力素材/現代系/学校セット/先生_女_04.png using Guid(08b8bd12b5d42934d94c03461f7ba105) Importer(815301076,1909f56bfc062723c751e8b465ee728b)  -> (artifact id: 'f19a7abfdbe608aea21b718bde70d7c1') in 0.047934 seconds 
  Import took 0.055349 seconds .

========================================================================
Received Import Request.
  Time since last request: 0.000543 seconds.
  path: Assets/Texture/Field/ぴぽやキャラチップ32出力素材/現代系/学校セット/制服1夏服_女_01.png
  artifactKey: Guid(4e234ab264b16a24b9fb757cef9e5670) Importer(815301076,1909f56bfc062723c751e8b465ee728b)
Start importing Assets/Texture/Field/ぴぽやキャラチップ32出力素材/現代系/学校セット/制服1夏服_女_01.png using Guid(4e234ab264b16a24b9fb757cef9e5670) Importer(815301076,1909f56bfc062723c751e8b465ee728b)  -> (artifact id: 'c3738616f23330fe4166710435a87ad0') in 0.042496 seconds 
  Import took 0.050201 seconds .

========================================================================
Received Import Request.
  Time since last request: 0.000261 seconds.
  path: Assets/Texture/Field/ぴぽやキャラチップ32出力素材/現代系/学校セット/制服1冬服_男_01.png
  artifactKey: Guid(668c9c77a8845b24aaa86072cd55ec73) Importer(815301076,1909f56bfc062723c751e8b465ee728b)
Start importing Assets/Texture/Field/ぴぽやキャラチップ32出力素材/現代系/学校セット/制服1冬服_男_01.png using Guid(668c9c77a8845b24aaa86072cd55ec73) Importer(815301076,1909f56bfc062723c751e8b465ee728b)  -> (artifact id: '9770340fce4ed68c6f9e2db0252c07c9') in 0.049739 seconds 
  Import took 0.056480 seconds .

========================================================================
Received Import Request.
  Time since last request: 0.000327 seconds.
  path: Assets/Texture/Field/ぴぽやキャラチップ32出力素材/現代系/学校セット/先生_男_04.png
  artifactKey: Guid(3e2dbeab5092b2f489b0d793c3e5b8b6) Importer(815301076,1909f56bfc062723c751e8b465ee728b)
Start importing Assets/Texture/Field/ぴぽやキャラチップ32出力素材/現代系/学校セット/先生_男_04.png using Guid(3e2dbeab5092b2f489b0d793c3e5b8b6) Importer(815301076,1909f56bfc062723c751e8b465ee728b)  -> (artifact id: '709e42b60378307e0ccc04037f16c151') in 0.056613 seconds 
  Import took 0.065756 seconds .

========================================================================
Received Import Request.
  Time since last request: 5.184615 seconds.
  path: Assets/Texture/Field/ぴぽやキャラチップ32出力素材/現代系/学校セット/制服1夏服_男_10.png
  artifactKey: Guid(b50b1743de33e724e8bccebe06356f03) Importer(815301076,1909f56bfc062723c751e8b465ee728b)
Start importing Assets/Texture/Field/ぴぽやキャラチップ32出力素材/現代系/学校セット/制服1夏服_男_10.png using Guid(b50b1743de33e724e8bccebe06356f03) Importer(815301076,1909f56bfc062723c751e8b465ee728b)  -> (artifact id: '31859b0ca3e2bd122f5c6708ead20863') in 0.034857 seconds 
  Import took 0.041518 seconds .

========================================================================
Received Import Request.
  Time since last request: 0.000329 seconds.
  path: Assets/Texture/Field/ぴぽやキャラチップ32出力素材/現代系/学校セット/制服2冬服_男_10.png
  artifactKey: Guid(ed3508c3ad31e2348be0bdebcc6d3785) Importer(815301076,1909f56bfc062723c751e8b465ee728b)
Start importing Assets/Texture/Field/ぴぽやキャラチップ32出力素材/現代系/学校セット/制服2冬服_男_10.png using Guid(ed3508c3ad31e2348be0bdebcc6d3785) Importer(815301076,1909f56bfc062723c751e8b465ee728b)  -> (artifact id: 'c19e41ba477525aa73a6da27381cbfed') in 0.048078 seconds 
  Import took 0.053977 seconds .

========================================================================
Received Import Request.
  Time since last request: 0.000287 seconds.
  path: Assets/Texture/Field/ぴぽやキャラチップ32出力素材/現代系/学校セット/制服1夏服_男_12.png
  artifactKey: Guid(07375faab8ee98140ad4c7881dfb0026) Importer(815301076,1909f56bfc062723c751e8b465ee728b)
Start importing Assets/Texture/Field/ぴぽやキャラチップ32出力素材/現代系/学校セット/制服1夏服_男_12.png using Guid(07375faab8ee98140ad4c7881dfb0026) Importer(815301076,1909f56bfc062723c751e8b465ee728b)  -> (artifact id: 'e93730daf59151640c40711b03148b33') in 0.049371 seconds 
  Import took 0.056054 seconds .

========================================================================
Received Import Request.
  Time since last request: 0.000352 seconds.
  path: Assets/Texture/Field/ぴぽやキャラチップ32出力素材/現代系/学校セット/制服2冬服_女_01.png
  artifactKey: Guid(14cffae0b156dfe4fb8741fa172e0e69) Importer(815301076,1909f56bfc062723c751e8b465ee728b)
Start importing Assets/Texture/Field/ぴぽやキャラチップ32出力素材/現代系/学校セット/制服2冬服_女_01.png using Guid(14cffae0b156dfe4fb8741fa172e0e69) Importer(815301076,1909f56bfc062723c751e8b465ee728b)  -> (artifact id: '29b6fdbac78f56d54c1fc5535558a46c') in 0.073244 seconds 
  Import took 0.081013 seconds .

========================================================================
Received Import Request.
  Time since last request: 0.000264 seconds.
  path: Assets/Texture/Field/ぴぽやキャラチップ32出力素材/現代系/学校セット/制服2冬服_男_06.png
  artifactKey: Guid(955a05dfe8ac45244a554d913ffca9d9) Importer(815301076,1909f56bfc062723c751e8b465ee728b)
Start importing Assets/Texture/Field/ぴぽやキャラチップ32出力素材/現代系/学校セット/制服2冬服_男_06.png using Guid(955a05dfe8ac45244a554d913ffca9d9) Importer(815301076,1909f56bfc062723c751e8b465ee728b)  -> (artifact id: 'd0121e06e873d007b3355af5adc396b4') in 0.049299 seconds 
  Import took 0.054743 seconds .

========================================================================
Received Import Request.
  Time since last request: 0.000343 seconds.
  path: Assets/Texture/Field/ぴぽやキャラチップ32出力素材/現代系/学校セット/制服2冬服_男_01.png
  artifactKey: Guid(b2a465fb59cf2884786ff6b13bdfc6d6) Importer(815301076,1909f56bfc062723c751e8b465ee728b)
Start importing Assets/Texture/Field/ぴぽやキャラチップ32出力素材/現代系/学校セット/制服2冬服_男_01.png using Guid(b2a465fb59cf2884786ff6b13bdfc6d6) Importer(815301076,1909f56bfc062723c751e8b465ee728b)  -> (artifact id: 'dbd99bf99efbb7e2311e60468349eb8c') in 0.059779 seconds 
  Import took 0.074247 seconds .

========================================================================
Received Import Request.
  Time since last request: 0.000277 seconds.
  path: Assets/Texture/Field/ぴぽやキャラチップ32出力素材/現代系/学校セット/制服2冬服_男_12.png
  artifactKey: Guid(ce024b972ad385b4b9274f92f9891eaf) Importer(815301076,1909f56bfc062723c751e8b465ee728b)
Start importing Assets/Texture/Field/ぴぽやキャラチップ32出力素材/現代系/学校セット/制服2冬服_男_12.png using Guid(ce024b972ad385b4b9274f92f9891eaf) Importer(815301076,1909f56bfc062723c751e8b465ee728b)  -> (artifact id: '9191c1b7ac34ccc84eb87c736b8d19bf') in 0.055108 seconds 
  Import took 0.062535 seconds .

========================================================================
Received Import Request.
  Time since last request: 0.000633 seconds.
  path: Assets/Texture/Field/ぴぽやキャラチップ32出力素材/現代系/学校セット/制服2冬服_女_17.png
  artifactKey: Guid(e4652cb71b4b5d34ebf441ac55db6154) Importer(815301076,1909f56bfc062723c751e8b465ee728b)
Start importing Assets/Texture/Field/ぴぽやキャラチップ32出力素材/現代系/学校セット/制服2冬服_女_17.png using Guid(e4652cb71b4b5d34ebf441ac55db6154) Importer(815301076,1909f56bfc062723c751e8b465ee728b)  -> (artifact id: 'd85479785e867d20ea9a530419fd834a') in 0.050456 seconds 
  Import took 0.057550 seconds .

========================================================================
Received Import Request.
  Time since last request: 0.000272 seconds.
  path: Assets/Texture/Field/ぴぽやキャラチップ32出力素材/現代系/学校セット/制服2冬服_女_13.png
  artifactKey: Guid(264fd3af6db53ed4985986303fd1f324) Importer(815301076,1909f56bfc062723c751e8b465ee728b)
Start importing Assets/Texture/Field/ぴぽやキャラチップ32出力素材/現代系/学校セット/制服2冬服_女_13.png using Guid(264fd3af6db53ed4985986303fd1f324) Importer(815301076,1909f56bfc062723c751e8b465ee728b)  -> (artifact id: '8a5b23faaab11d9d2d40e53d973a60dd') in 0.047626 seconds 
  Import took 0.053831 seconds .

========================================================================
Received Import Request.
  Time since last request: 0.000315 seconds.
  path: Assets/Texture/Field/ぴぽやキャラチップ32出力素材/現代系/学校セット/制服2冬服_男_04.png
  artifactKey: Guid(397e812d0e0e5d541914ebd802ef7189) Importer(815301076,1909f56bfc062723c751e8b465ee728b)
Start importing Assets/Texture/Field/ぴぽやキャラチップ32出力素材/現代系/学校セット/制服2冬服_男_04.png using Guid(397e812d0e0e5d541914ebd802ef7189) Importer(815301076,1909f56bfc062723c751e8b465ee728b)  -> (artifact id: '132d861425a5c02d7ed262137e5efc3a') in 0.043422 seconds 
  Import took 0.054950 seconds .

========================================================================
Received Import Request.
  Time since last request: 0.000241 seconds.
  path: Assets/Texture/Field/ぴぽやキャラチップ32出力素材/現代系/学校セット/制服2冬服_女_04.png
  artifactKey: Guid(d62406316be17584ca77c29b8d9e1562) Importer(815301076,1909f56bfc062723c751e8b465ee728b)
Start importing Assets/Texture/Field/ぴぽやキャラチップ32出力素材/現代系/学校セット/制服2冬服_女_04.png using Guid(d62406316be17584ca77c29b8d9e1562) Importer(815301076,1909f56bfc062723c751e8b465ee728b)  -> (artifact id: 'bc3eb1d8ef0a740ba606384446f738f2') in 0.045727 seconds 
  Import took 0.051974 seconds .

========================================================================
Received Import Request.
  Time since last request: 0.000250 seconds.
  path: Assets/Texture/Field/ぴぽやキャラチップ32出力素材/現代系/学校セット/制服2冬服_女_12.png
  artifactKey: Guid(06adb39c6e1aaa840a1101c14d52b20a) Importer(815301076,1909f56bfc062723c751e8b465ee728b)
Start importing Assets/Texture/Field/ぴぽやキャラチップ32出力素材/現代系/学校セット/制服2冬服_女_12.png using Guid(06adb39c6e1aaa840a1101c14d52b20a) Importer(815301076,1909f56bfc062723c751e8b465ee728b)  -> (artifact id: 'c6ce0bb5dc4ef1b29a7314fe41ba6c24') in 0.045852 seconds 
  Import took 0.051513 seconds .

========================================================================
Received Import Request.
  Time since last request: 3.879562 seconds.
  path: Assets/Fantasy Wooden GUI  Free/normal_ui_set A/TextBTN_Big.png
  artifactKey: Guid(2be7b70e984b51444aca9c12ae4723a7) Importer(815301076,1909f56bfc062723c751e8b465ee728b)
Start importing Assets/Fantasy Wooden GUI  Free/normal_ui_set A/TextBTN_Big.png using Guid(2be7b70e984b51444aca9c12ae4723a7) Importer(815301076,1909f56bfc062723c751e8b465ee728b)  -> (artifact id: '5c28c39e1708cf6f4d4fe9847bada5b8') in 0.039909 seconds 
  Import took 0.047504 seconds .

========================================================================
Received Import Request.
  Time since last request: 0.000293 seconds.
  path: Assets/Fantasy Wooden GUI  Free/normal_ui_set A/TextBTN_Cancel_Pressed.png
  artifactKey: Guid(9494e936ef153d148aaddfa6db5fb773) Importer(815301076,1909f56bfc062723c751e8b465ee728b)
Start importing Assets/Fantasy Wooden GUI  Free/normal_ui_set A/TextBTN_Cancel_Pressed.png using Guid(9494e936ef153d148aaddfa6db5fb773) Importer(815301076,1909f56bfc062723c751e8b465ee728b)  -> (artifact id: '75df225d1d4bd9bc05372d936be52ad8') in 0.041245 seconds 
  Import took 0.047845 seconds .

========================================================================
Received Import Request.
  Time since last request: 0.000302 seconds.
  path: Assets/Fantasy Wooden GUI  Free/normal_ui_set A/TextBTN_Cancel.png
  artifactKey: Guid(480144379cc9c7d47a8e19f58b0e6ee3) Importer(815301076,1909f56bfc062723c751e8b465ee728b)
Start importing Assets/Fantasy Wooden GUI  Free/normal_ui_set A/TextBTN_Cancel.png using Guid(480144379cc9c7d47a8e19f58b0e6ee3) Importer(815301076,1909f56bfc062723c751e8b465ee728b)  -> (artifact id: 'cc6d225cff10be7880e12ca82ae567c6') in 0.044725 seconds 
  Import took 0.054053 seconds .

========================================================================
Received Import Request.
  Time since last request: 0.000334 seconds.
  path: Assets/Fantasy Wooden GUI  Free/normal_ui_set A/TextBTN_Big_Pressed.png
  artifactKey: Guid(d6a1673a31851fd4395c287261da36e4) Importer(815301076,1909f56bfc062723c751e8b465ee728b)
Start importing Assets/Fantasy Wooden GUI  Free/normal_ui_set A/TextBTN_Big_Pressed.png using Guid(d6a1673a31851fd4395c287261da36e4) Importer(815301076,1909f56bfc062723c751e8b465ee728b)  -> (artifact id: '45c2990f90edb068e721417cb5d0779b') in 0.042050 seconds 
  Import took 0.049005 seconds .

========================================================================
Received Import Request.
  Time since last request: 0.010694 seconds.
  path: Assets/Fantasy Wooden GUI  Free/normal_ui_set A/TextBTN_Medium.png
  artifactKey: Guid(efee20b64d1e73942a29ba61ce3379c3) Importer(815301076,1909f56bfc062723c751e8b465ee728b)
Start importing Assets/Fantasy Wooden GUI  Free/normal_ui_set A/TextBTN_Medium.png using Guid(efee20b64d1e73942a29ba61ce3379c3) Importer(815301076,1909f56bfc062723c751e8b465ee728b)  -> (artifact id: '825fcb0739e2479323225652cef752f8') in 0.042211 seconds 
  Import took 0.051452 seconds .

========================================================================
Received Import Request.
  Time since last request: 0.000806 seconds.
  path: Assets/Fantasy Wooden GUI  Free/normal_ui_set A/TextBTN_Medium_Pressed.png
  artifactKey: Guid(047b929beb10565479851d39b452dfb6) Importer(815301076,1909f56bfc062723c751e8b465ee728b)
Start importing Assets/Fantasy Wooden GUI  Free/normal_ui_set A/TextBTN_Medium_Pressed.png using Guid(047b929beb10565479851d39b452dfb6) Importer(815301076,1909f56bfc062723c751e8b465ee728b)  -> (artifact id: 'cb729e109a6e02d7a67ad79ff76c1823') in 0.044668 seconds 
  Import took 0.051671 seconds .

========================================================================
Received Import Request.
  Time since last request: 0.000268 seconds.
  path: Assets/Fantasy Wooden GUI  Free/normal_ui_set A/TextBTN_New-Start.png
  artifactKey: Guid(ca45d178d188e034aa96a68aceeef41b) Importer(815301076,1909f56bfc062723c751e8b465ee728b)
Start importing Assets/Fantasy Wooden GUI  Free/normal_ui_set A/TextBTN_New-Start.png using Guid(ca45d178d188e034aa96a68aceeef41b) Importer(815301076,1909f56bfc062723c751e8b465ee728b)  -> (artifact id: '658e59f72ffa1a4f75dadee6ada465e0') in 0.047004 seconds 
  Import took 0.055721 seconds .

========================================================================
Received Import Request.
  Time since last request: 0.000389 seconds.
  path: Assets/Fantasy Wooden GUI  Free/normal_ui_set A/UI board Large  parchment.png
  artifactKey: Guid(43a7d98bd4222b64e933596512dc09ad) Importer(815301076,1909f56bfc062723c751e8b465ee728b)
Start importing Assets/Fantasy Wooden GUI  Free/normal_ui_set A/UI board Large  parchment.png using Guid(43a7d98bd4222b64e933596512dc09ad) Importer(815301076,1909f56bfc062723c751e8b465ee728b)  -> (artifact id: '7b9fb27ee77e79a9d639526eab4a7bc8') in 0.062838 seconds 
  Import took 0.069653 seconds .

========================================================================
Received Import Request.
  Time since last request: 0.000580 seconds.
  path: Assets/Fantasy Wooden GUI  Free/normal_ui_set A/UI board Large stone.png
  artifactKey: Guid(7066e0747291df44fa5c2bf93bee3a6e) Importer(815301076,1909f56bfc062723c751e8b465ee728b)
Start importing Assets/Fantasy Wooden GUI  Free/normal_ui_set A/UI board Large stone.png using Guid(7066e0747291df44fa5c2bf93bee3a6e) Importer(815301076,1909f56bfc062723c751e8b465ee728b)  -> (artifact id: '74effd5784394873acee17f5182e5311') in 0.057016 seconds 
  Import took 0.065848 seconds .

========================================================================
Received Import Request.
  Time since last request: 0.000243 seconds.
  path: Assets/Fantasy Wooden GUI  Free/normal_ui_set A/UI board Medium Set.png
  artifactKey: Guid(1a5d8785d80a4ee42a2a4c8632436dc0) Importer(815301076,1909f56bfc062723c751e8b465ee728b)
Start importing Assets/Fantasy Wooden GUI  Free/normal_ui_set A/UI board Medium Set.png using Guid(1a5d8785d80a4ee42a2a4c8632436dc0) Importer(815301076,1909f56bfc062723c751e8b465ee728b)  -> (artifact id: 'e6f10df99e17da5353d7a7bc96ec7ba7') in 0.044237 seconds 
  Import took 0.050262 seconds .

========================================================================
Received Import Request.
  Time since last request: 0.000426 seconds.
  path: Assets/Fantasy Wooden GUI  Free/normal_ui_set A/UI board Small Set.png
  artifactKey: Guid(8eb69fafe4f719b49bb2dd1a7358aaaa) Importer(815301076,1909f56bfc062723c751e8b465ee728b)
Start importing Assets/Fantasy Wooden GUI  Free/normal_ui_set A/UI board Small Set.png using Guid(8eb69fafe4f719b49bb2dd1a7358aaaa) Importer(815301076,1909f56bfc062723c751e8b465ee728b)  -> (artifact id: 'd62c9524d2b84b56ba8f8a70eaa7cd3a') in 0.054508 seconds 
  Import took 0.060826 seconds .

========================================================================
Received Import Request.
  Time since last request: 0.000343 seconds.
  path: Assets/Fantasy Wooden GUI  Free/normal_ui_set A/UI board Medium  parchment.png
  artifactKey: Guid(cf1462bc694c3c249831ad8ac5293aa2) Importer(815301076,1909f56bfc062723c751e8b465ee728b)
Start importing Assets/Fantasy Wooden GUI  Free/normal_ui_set A/UI board Medium  parchment.png using Guid(cf1462bc694c3c249831ad8ac5293aa2) Importer(815301076,1909f56bfc062723c751e8b465ee728b)  -> (artifact id: 'a0054cf12f82a975ed3a175173e661b7') in 0.051438 seconds 
  Import took 0.061532 seconds .

========================================================================
Received Import Request.
  Time since last request: 0.000330 seconds.
  path: Assets/Fantasy Wooden GUI  Free/normal_ui_set A/UI board Small  parchment.png
  artifactKey: Guid(a454050719005b444b59a84eaafba779) Importer(815301076,1909f56bfc062723c751e8b465ee728b)
Start importing Assets/Fantasy Wooden GUI  Free/normal_ui_set A/UI board Small  parchment.png using Guid(a454050719005b444b59a84eaafba779) Importer(815301076,1909f56bfc062723c751e8b465ee728b)  -> (artifact id: '7b63e598172c0064ebf421715603f7a0') in 0.046293 seconds 
  Import took 0.051232 seconds .

========================================================================
Received Import Request.
  Time since last request: 0.000269 seconds.
  path: Assets/Fantasy Wooden GUI  Free/normal_ui_set A/UI board Medium stone.png
  artifactKey: Guid(9a6560e5bacb40847bb1b879ede354fb) Importer(815301076,1909f56bfc062723c751e8b465ee728b)
Start importing Assets/Fantasy Wooden GUI  Free/normal_ui_set A/UI board Medium stone.png using Guid(9a6560e5bacb40847bb1b879ede354fb) Importer(815301076,1909f56bfc062723c751e8b465ee728b)  -> (artifact id: '0709a0bac4f45b0164e1567dec2afcd8') in 0.051521 seconds 
  Import took 0.060568 seconds .

========================================================================
Received Import Request.
  Time since last request: 0.000373 seconds.
  path: Assets/Fantasy Wooden GUI  Free/normal_ui_set A/TextBTN_New-Start_Pressed.png
  artifactKey: Guid(2e5f47e2f71128f4282c0a4a67288751) Importer(815301076,1909f56bfc062723c751e8b465ee728b)
Start importing Assets/Fantasy Wooden GUI  Free/normal_ui_set A/TextBTN_New-Start_Pressed.png using Guid(2e5f47e2f71128f4282c0a4a67288751) Importer(815301076,1909f56bfc062723c751e8b465ee728b)  -> (artifact id: '8a3a3c8966bedfb7abf6a782aa1c58e7') in 0.046515 seconds 
  Import took 0.053756 seconds .

========================================================================
Received Import Request.
  Time since last request: 0.000231 seconds.
  path: Assets/Fantasy Wooden GUI  Free/normal_ui_set A/UI board Large Set.png
  artifactKey: Guid(90a2dde0942123c4ebb9c4af580c5818) Importer(815301076,1909f56bfc062723c751e8b465ee728b)
Start importing Assets/Fantasy Wooden GUI  Free/normal_ui_set A/UI board Large Set.png using Guid(90a2dde0942123c4ebb9c4af580c5818) Importer(815301076,1909f56bfc062723c751e8b465ee728b)  -> (artifact id: '9b46cba6850eba3a5de2cbab905d8b37') in 0.067986 seconds 
  Import took 0.074580 seconds .

========================================================================
Received Import Request.
  Time since last request: 0.000284 seconds.
  path: Assets/Fantasy Wooden GUI  Free/normal_ui_set A/UI board Small  stone.png
  artifactKey: Guid(8dd861a6e819de241bca68a36048a6bd) Importer(815301076,1909f56bfc062723c751e8b465ee728b)
Start importing Assets/Fantasy Wooden GUI  Free/normal_ui_set A/UI board Small  stone.png using Guid(8dd861a6e819de241bca68a36048a6bd) Importer(815301076,1909f56bfc062723c751e8b465ee728b)  -> (artifact id: '43f169129c85be3663475a62268a0f1e') in 0.047103 seconds 
  Import took 0.054684 seconds .

========================================================================
Received Import Request.
  Time since last request: 4.756962 seconds.
  path: Assets/Texture/Field/ぴぽやキャラチップ32出力素材/現代系/学校セット/制服2夏服_女_01.png
  artifactKey: Guid(45623653283a85d4dab3abc0f659f3ce) Importer(815301076,1909f56bfc062723c751e8b465ee728b)
Start importing Assets/Texture/Field/ぴぽやキャラチップ32出力素材/現代系/学校セット/制服2夏服_女_01.png using Guid(45623653283a85d4dab3abc0f659f3ce) Importer(815301076,1909f56bfc062723c751e8b465ee728b)  -> (artifact id: '378bba4094c31c0659dae2f662745bb0') in 0.042563 seconds 
  Import took 0.048882 seconds .

========================================================================
Received Import Request.
  Time since last request: 0.000243 seconds.
  path: Assets/Texture/Field/ぴぽやキャラチップ32出力素材/現代系/学校セット/制服2夏服_女_04.png
  artifactKey: Guid(8770782e07bf3ba46b1063580a9aee2f) Importer(815301076,1909f56bfc062723c751e8b465ee728b)
Start importing Assets/Texture/Field/ぴぽやキャラチップ32出力素材/現代系/学校セット/制服2夏服_女_04.png using Guid(8770782e07bf3ba46b1063580a9aee2f) Importer(815301076,1909f56bfc062723c751e8b465ee728b)  -> (artifact id: 'f4a621bed51cb647ec8de5c15703a474') in 0.041708 seconds 
  Import took 0.048876 seconds .

========================================================================
Received Import Request.
  Time since last request: 0.000243 seconds.
  path: Assets/Texture/Field/ぴぽやキャラチップ32出力素材/現代系/学校セット/制服2夏服_女_01.png
  artifactKey: Guid(45623653283a85d4dab3abc0f659f3ce) Importer(815301076,1909f56bfc062723c751e8b465ee728b)
Start importing Assets/Texture/Field/ぴぽやキャラチップ32出力素材/現代系/学校セット/制服2夏服_女_01.png using Guid(45623653283a85d4dab3abc0f659f3ce) Importer(815301076,1909f56bfc062723c751e8b465ee728b)  -> (artifact id: '378bba4094c31c0659dae2f662745bb0') in 0.032095 seconds 
  Import took 0.039317 seconds .

========================================================================
Received Import Request.
  Time since last request: 0.057590 seconds.
  path: Assets/Texture/Field/ぴぽやキャラチップ32出力素材/現代系/学校セット/制服2夏服_女_12.png
  artifactKey: Guid(754557dc576f8c044bc92737ea09c9af) Importer(815301076,1909f56bfc062723c751e8b465ee728b)
Start importing Assets/Texture/Field/ぴぽやキャラチップ32出力素材/現代系/学校セット/制服2夏服_女_12.png using Guid(754557dc576f8c044bc92737ea09c9af) Importer(815301076,1909f56bfc062723c751e8b465ee728b)  -> (artifact id: '82cabd38d6af8a1d15d48803f7023925') in 0.044689 seconds 
  Import took 0.050739 seconds .

========================================================================
Received Import Request.
  Time since last request: 0.000251 seconds.
  path: Assets/Texture/Field/ぴぽやキャラチップ32出力素材/現代系/学校セット/制服2夏服_女_13.png
  artifactKey: Guid(9d1c9b954048b4748ba323f7797a8cf3) Importer(815301076,1909f56bfc062723c751e8b465ee728b)
Start importing Assets/Texture/Field/ぴぽやキャラチップ32出力素材/現代系/学校セット/制服2夏服_女_13.png using Guid(9d1c9b954048b4748ba323f7797a8cf3) Importer(815301076,1909f56bfc062723c751e8b465ee728b)  -> (artifact id: '2a7c1eacf0167f58769114049063a8fe') in 0.044217 seconds 
  Import took 0.051363 seconds .

========================================================================
Received Import Request.
  Time since last request: 0.000239 seconds.
  path: Assets/Texture/Field/ぴぽやキャラチップ32出力素材/現代系/学校セット/制服2夏服_女_17.png
  artifactKey: Guid(79135c7bc3e05904787d71bc777def96) Importer(815301076,1909f56bfc062723c751e8b465ee728b)
Start importing Assets/Texture/Field/ぴぽやキャラチップ32出力素材/現代系/学校セット/制服2夏服_女_17.png using Guid(79135c7bc3e05904787d71bc777def96) Importer(815301076,1909f56bfc062723c751e8b465ee728b)  -> (artifact id: '7b0c24cef1edd7e9c0bdc89b9d1e0f70') in 0.038784 seconds 
  Import took 0.045300 seconds .

========================================================================
Received Import Request.
  Time since last request: 0.000529 seconds.
  path: Assets/Texture/Field/ぴぽやキャラチップ32出力素材/現代系/学校セット/制服2夏服_男_01.png
  artifactKey: Guid(513f3dcede318944aaed3054da1e616c) Importer(815301076,1909f56bfc062723c751e8b465ee728b)
Start importing Assets/Texture/Field/ぴぽやキャラチップ32出力素材/現代系/学校セット/制服2夏服_男_01.png using Guid(513f3dcede318944aaed3054da1e616c) Importer(815301076,1909f56bfc062723c751e8b465ee728b)  -> (artifact id: '40f84fb082463dcd177fda65c4923b30') in 0.048420 seconds 
  Import took 0.055002 seconds .

========================================================================
Received Import Request.
  Time since last request: 0.078190 seconds.
  path: Assets/Texture/Field/ぴぽやキャラチップ32出力素材/現代系/学校セット/制服2夏服_男_04.png
  artifactKey: Guid(742e6cddd122f594c83ffbbea1a3d108) Importer(815301076,1909f56bfc062723c751e8b465ee728b)
Start importing Assets/Texture/Field/ぴぽやキャラチップ32出力素材/現代系/学校セット/制服2夏服_男_04.png using Guid(742e6cddd122f594c83ffbbea1a3d108) Importer(815301076,1909f56bfc062723c751e8b465ee728b)  -> (artifact id: '4191e32ec05ca4cf2f57b2dbe6c681ea') in 0.044005 seconds 
  Import took 0.050137 seconds .

========================================================================
Received Import Request.
  Time since last request: 0.000394 seconds.
  path: Assets/Texture/Field/ぴぽやキャラチップ32出力素材/現代系/学校セット/制服2夏服_男_10.png
  artifactKey: Guid(49f0bef9e112d3246ab18ab2a3a3f46f) Importer(815301076,1909f56bfc062723c751e8b465ee728b)
Start importing Assets/Texture/Field/ぴぽやキャラチップ32出力素材/現代系/学校セット/制服2夏服_男_10.png using Guid(49f0bef9e112d3246ab18ab2a3a3f46f) Importer(815301076,1909f56bfc062723c751e8b465ee728b)  -> (artifact id: '7f094e36f476a401c164bd557b06f2d3') in 0.039653 seconds 
  Import took 0.051566 seconds .

========================================================================
Received Import Request.
  Time since last request: 0.000482 seconds.
  path: Assets/Texture/Field/ぴぽやキャラチップ32出力素材/現代系/学校セット/制服2夏服_男_06.png
  artifactKey: Guid(22c053da159d0414db893f5bef4a87e6) Importer(815301076,1909f56bfc062723c751e8b465ee728b)
Start importing Assets/Texture/Field/ぴぽやキャラチップ32出力素材/現代系/学校セット/制服2夏服_男_06.png using Guid(22c053da159d0414db893f5bef4a87e6) Importer(815301076,1909f56bfc062723c751e8b465ee728b)  -> (artifact id: 'e505c095e96536cc3e49505ac1b5ef2d') in 0.042105 seconds 
  Import took 0.048444 seconds .

========================================================================
Received Import Request.
  Time since last request: 0.000266 seconds.
  path: Assets/Texture/Field/ぴぽやキャラチップ32出力素材/現代系/学校セット/制服2夏服_男_12.png
  artifactKey: Guid(d2ccf7d4601703f4eab250f94bd43de2) Importer(815301076,1909f56bfc062723c751e8b465ee728b)
Start importing Assets/Texture/Field/ぴぽやキャラチップ32出力素材/現代系/学校セット/制服2夏服_男_12.png using Guid(d2ccf7d4601703f4eab250f94bd43de2) Importer(815301076,1909f56bfc062723c751e8b465ee728b)  -> (artifact id: '70781a3d0444249aa8e6c155effb3a47') in 0.056626 seconds 
  Import took 0.065467 seconds .

========================================================================
Received Import Request.
  Time since last request: 3.078594 seconds.
  path: Assets/Texture/Field/ぴぽやキャラチップ32出力素材/現代系/学校セット/校長先生_女.png
  artifactKey: Guid(cd7e00db704f1c742814cf325753351b) Importer(815301076,1909f56bfc062723c751e8b465ee728b)
Start importing Assets/Texture/Field/ぴぽやキャラチップ32出力素材/現代系/学校セット/校長先生_女.png using Guid(cd7e00db704f1c742814cf325753351b) Importer(815301076,1909f56bfc062723c751e8b465ee728b)  -> (artifact id: 'e1b03266622d97ea2d70e07fd2d996f8') in 0.034133 seconds 
  Import took 0.041064 seconds .

========================================================================
Received Import Request.
  Time since last request: 58.182992 seconds.
  path: Assets/Texture/Field/ぴぽやキャラチップ32出力素材/ファンタジー系/女_戦士.png
  artifactKey: Guid(02be39d7466324749b862ff2de7c3230) Importer(815301076,1909f56bfc062723c751e8b465ee728b)
Start importing Assets/Texture/Field/ぴぽやキャラチップ32出力素材/ファンタジー系/女_戦士.png using Guid(02be39d7466324749b862ff2de7c3230) Importer(815301076,1909f56bfc062723c751e8b465ee728b)  -> (artifact id: 'd1a519138a653332774eef6b5fde86ee') in 0.027339 seconds 
  Import took 0.032312 seconds .

========================================================================
Received Import Request.
  Time since last request: 0.014750 seconds.
  path: Assets/Texture/Field/ぴぽやキャラチップ32出力素材/ファンタジー系/女_戦士.png
  artifactKey: Guid(02be39d7466324749b862ff2de7c3230) Importer(815301076,1909f56bfc062723c751e8b465ee728b)
Start importing Assets/Texture/Field/ぴぽやキャラチップ32出力素材/ファンタジー系/女_戦士.png using Guid(02be39d7466324749b862ff2de7c3230) Importer(815301076,1909f56bfc062723c751e8b465ee728b)  -> (artifact id: 'd1a519138a653332774eef6b5fde86ee') in 0.021778 seconds 
  Import took 0.028916 seconds .

========================================================================
Received Import Request.
  Time since last request: 10.899322 seconds.
  path: Assets/Texture/Field/ぴぽやキャラチップ32出力素材/ファンタジー系/女_戦士.png
  artifactKey: Guid(02be39d7466324749b862ff2de7c3230) Importer(815301076,1909f56bfc062723c751e8b465ee728b)
Start importing Assets/Texture/Field/ぴぽやキャラチップ32出力素材/ファンタジー系/女_戦士.png using Guid(02be39d7466324749b862ff2de7c3230) Importer(815301076,1909f56bfc062723c751e8b465ee728b)  -> (artifact id: '12bab097de3b67091ff92cceb5a90296') in 0.067089 seconds 
  Import took 0.073479 seconds .

========================================================================
Received Import Request.
  Time since last request: 25.137384 seconds.
  path: Assets/Texture/Field/ぴぽやキャラチップ32出力素材/ファンタジー系/女_騎士.png
  artifactKey: Guid(29324afd7889ee3439698ae8515cf8e5) Importer(815301076,1909f56bfc062723c751e8b465ee728b)
Start importing Assets/Texture/Field/ぴぽやキャラチップ32出力素材/ファンタジー系/女_騎士.png using Guid(29324afd7889ee3439698ae8515cf8e5) Importer(815301076,1909f56bfc062723c751e8b465ee728b)  -> (artifact id: '076bf31c623f2f8b1263beec2ab4f9f4') in 0.026882 seconds 
  Import took 0.034914 seconds .

========================================================================
Received Import Request.
  Time since last request: 0.012435 seconds.
  path: Assets/Texture/Field/ぴぽやキャラチップ32出力素材/ファンタジー系/女_騎士.png
  artifactKey: Guid(29324afd7889ee3439698ae8515cf8e5) Importer(815301076,1909f56bfc062723c751e8b465ee728b)
Start importing Assets/Texture/Field/ぴぽやキャラチップ32出力素材/ファンタジー系/女_騎士.png using Guid(29324afd7889ee3439698ae8515cf8e5) Importer(815301076,1909f56bfc062723c751e8b465ee728b)  -> (artifact id: '076bf31c623f2f8b1263beec2ab4f9f4') in 0.062895 seconds 
  Import took 0.069371 seconds .

========================================================================
Received Import Request.
  Time since last request: 8.357157 seconds.
  path: Assets/Texture/Field/ぴぽやキャラチップ32出力素材/ファンタジー系/女_騎士.png
  artifactKey: Guid(29324afd7889ee3439698ae8515cf8e5) Importer(815301076,1909f56bfc062723c751e8b465ee728b)
Start importing Assets/Texture/Field/ぴぽやキャラチップ32出力素材/ファンタジー系/女_騎士.png using Guid(29324afd7889ee3439698ae8515cf8e5) Importer(815301076,1909f56bfc062723c751e8b465ee728b)  -> (artifact id: '55f6e307b4343aaa069c2b208f60b889') in 0.061487 seconds 
  Import took 0.068735 seconds .

========================================================================
Received Import Request.
  Time since last request: 38.273614 seconds.
  path: Assets/Texture/Field/ぴぽやキャラチップ32出力素材/ファンタジー系/男_戦士.png
  artifactKey: Guid(15fd33362c5a2ad4abeeaa058c9e3a34) Importer(815301076,1909f56bfc062723c751e8b465ee728b)
Start importing Assets/Texture/Field/ぴぽやキャラチップ32出力素材/ファンタジー系/男_戦士.png using Guid(15fd33362c5a2ad4abeeaa058c9e3a34) Importer(815301076,1909f56bfc062723c751e8b465ee728b)  -> (artifact id: 'f2d44c22e5f928f1ad2877685ddbcf0d') in 0.026905 seconds 
  Import took 0.034767 seconds .

========================================================================
Received Import Request.
  Time since last request: 0.009025 seconds.
  path: Assets/Texture/Field/ぴぽやキャラチップ32出力素材/ファンタジー系/男_戦士.png
  artifactKey: Guid(15fd33362c5a2ad4abeeaa058c9e3a34) Importer(815301076,1909f56bfc062723c751e8b465ee728b)
Start importing Assets/Texture/Field/ぴぽやキャラチップ32出力素材/ファンタジー系/男_戦士.png using Guid(15fd33362c5a2ad4abeeaa058c9e3a34) Importer(815301076,1909f56bfc062723c751e8b465ee728b)  -> (artifact id: 'f2d44c22e5f928f1ad2877685ddbcf0d') in 0.057998 seconds 
  Import took 0.064627 seconds .

========================================================================
Received Import Request.
  Time since last request: 5.881513 seconds.
  path: Assets/Texture/Field/ぴぽやキャラチップ32出力素材/ファンタジー系/男_戦士.png
  artifactKey: Guid(15fd33362c5a2ad4abeeaa058c9e3a34) Importer(815301076,1909f56bfc062723c751e8b465ee728b)
Start importing Assets/Texture/Field/ぴぽやキャラチップ32出力素材/ファンタジー系/男_戦士.png using Guid(15fd33362c5a2ad4abeeaa058c9e3a34) Importer(815301076,1909f56bfc062723c751e8b465ee728b)  -> (artifact id: '168777c47a334d470d157d57a7d56e99') in 0.052353 seconds 
  Import took 0.058668 seconds .

========================================================================
Received Import Request.
  Time since last request: 19.083718 seconds.
  path: Assets/Texture/Field/ぴぽやキャラチップ32出力素材/ファンタジー系/男_魔法使い.png
  artifactKey: Guid(8e171418ecab056498d45203ad441887) Importer(815301076,1909f56bfc062723c751e8b465ee728b)
Start importing Assets/Texture/Field/ぴぽやキャラチップ32出力素材/ファンタジー系/男_魔法使い.png using Guid(8e171418ecab056498d45203ad441887) Importer(815301076,1909f56bfc062723c751e8b465ee728b)  -> (artifact id: '024c0622193e3b015210ef77021c1612') in 0.029254 seconds 
  Import took 0.037943 seconds .

========================================================================
Received Import Request.
  Time since last request: 0.008171 seconds.
  path: Assets/Texture/Field/ぴぽやキャラチップ32出力素材/ファンタジー系/男_魔法使い.png
  artifactKey: Guid(8e171418ecab056498d45203ad441887) Importer(815301076,1909f56bfc062723c751e8b465ee728b)
Start importing Assets/Texture/Field/ぴぽやキャラチップ32出力素材/ファンタジー系/男_魔法使い.png using Guid(8e171418ecab056498d45203ad441887) Importer(815301076,1909f56bfc062723c751e8b465ee728b)  -> (artifact id: '024c0622193e3b015210ef77021c1612') in 0.050960 seconds 
  Import took 0.057534 seconds .

========================================================================
Received Import Request.
  Time since last request: 5.732779 seconds.
  path: Assets/Texture/Field/ぴぽやキャラチップ32出力素材/ファンタジー系/男_魔法使い.png
  artifactKey: Guid(8e171418ecab056498d45203ad441887) Importer(815301076,1909f56bfc062723c751e8b465ee728b)
Start importing Assets/Texture/Field/ぴぽやキャラチップ32出力素材/ファンタジー系/男_魔法使い.png using Guid(8e171418ecab056498d45203ad441887) Importer(815301076,1909f56bfc062723c751e8b465ee728b)  -> (artifact id: '6ebdcb9300c934514fd57f9fa74baa88') in 0.050069 seconds 
  Import took 0.056790 seconds .

========================================================================
Received Import Request.
  Time since last request: 106.790763 seconds.
  path: Assets/Texture/Field/ぴぽやキャラチップ32出力素材/ファンタジー系/男_魔法使い.png
  artifactKey: Guid(8e171418ecab056498d45203ad441887) Importer(815301076,1909f56bfc062723c751e8b465ee728b)
Start importing Assets/Texture/Field/ぴぽやキャラチップ32出力素材/ファンタジー系/男_魔法使い.png using Guid(8e171418ecab056498d45203ad441887) Importer(815301076,1909f56bfc062723c751e8b465ee728b)  -> (artifact id: '878556759375e2455505d4afa2f7832f') in 0.057269 seconds 
  Import took 0.063578 seconds .

========================================================================
Received Import Request.
  Time since last request: 48.193400 seconds.
  path: Assets/Texture/Field/ぴぽやキャラチップ32出力素材/ファンタジー系/男_戦士.png
  artifactKey: Guid(15fd33362c5a2ad4abeeaa058c9e3a34) Importer(815301076,1909f56bfc062723c751e8b465ee728b)
Start importing Assets/Texture/Field/ぴぽやキャラチップ32出力素材/ファンタジー系/男_戦士.png using Guid(15fd33362c5a2ad4abeeaa058c9e3a34) Importer(815301076,1909f56bfc062723c751e8b465ee728b)  -> (artifact id: 'fb5564025b516a7f388720f81a7f37df') in 0.057440 seconds 
  Import took 0.065903 seconds .

========================================================================
Received Import Request.
  Time since last request: 36.599547 seconds.
  path: Assets/Texture/Field/ぴぽやキャラチップ32出力素材/ファンタジー系/女_騎士.png
  artifactKey: Guid(29324afd7889ee3439698ae8515cf8e5) Importer(815301076,1909f56bfc062723c751e8b465ee728b)
Start importing Assets/Texture/Field/ぴぽやキャラチップ32出力素材/ファンタジー系/女_騎士.png using Guid(29324afd7889ee3439698ae8515cf8e5) Importer(815301076,1909f56bfc062723c751e8b465ee728b)  -> (artifact id: 'b35a54d7f39d4fb09b270e72a02c1e2b') in 0.069745 seconds 
  Import took 0.078437 seconds .

========================================================================
Received Import Request.
  Time since last request: 23.037896 seconds.
  path: Assets/Fantasy Wooden GUI  Free/normal_ui_set A/Division line.png
  artifactKey: Guid(b7d245916891cca47a0144e12a82e086) Importer(815301076,1909f56bfc062723c751e8b465ee728b)
Start importing Assets/Fantasy Wooden GUI  Free/normal_ui_set A/Division line.png using Guid(b7d245916891cca47a0144e12a82e086) Importer(815301076,1909f56bfc062723c751e8b465ee728b)  -> (artifact id: '44a214291b275c749193f148e443a37c') in 0.038258 seconds 
  Import took 0.045801 seconds .

========================================================================
Received Import Request.
  Time since last request: 0.000279 seconds.
  path: Assets/Fantasy Wooden GUI  Free/normal_ui_set A/Exclamation_Red.png
  artifactKey: Guid(e9d4143c19529834981ac6821a04aecd) Importer(815301076,1909f56bfc062723c751e8b465ee728b)
Start importing Assets/Fantasy Wooden GUI  Free/normal_ui_set A/Exclamation_Red.png using Guid(e9d4143c19529834981ac6821a04aecd) Importer(815301076,1909f56bfc062723c751e8b465ee728b)  -> (artifact id: '16f60b08b914b0f4f1337fa2bb2f1c32') in 0.042665 seconds 
  Import took 0.049457 seconds .

========================================================================
Received Import Request.
  Time since last request: 0.000807 seconds.
  path: Assets/Fantasy Wooden GUI  Free/normal_ui_set A/Exclamation_Gray.png
  artifactKey: Guid(f73f68fe6815f5548a6c2a61b9e49add) Importer(815301076,1909f56bfc062723c751e8b465ee728b)
Start importing Assets/Fantasy Wooden GUI  Free/normal_ui_set A/Exclamation_Gray.png using Guid(f73f68fe6815f5548a6c2a61b9e49add) Importer(815301076,1909f56bfc062723c751e8b465ee728b)  -> (artifact id: 'e4e9861400e79ffe697038f08fb21cde') in 0.047443 seconds 
  Import took 0.057310 seconds .

========================================================================
Received Import Request.
  Time since last request: 0.000264 seconds.
  path: Assets/Fantasy Wooden GUI  Free/normal_ui_set A/Division line.png
  artifactKey: Guid(b7d245916891cca47a0144e12a82e086) Importer(815301076,1909f56bfc062723c751e8b465ee728b)
Start importing Assets/Fantasy Wooden GUI  Free/normal_ui_set A/Division line.png using Guid(b7d245916891cca47a0144e12a82e086) Importer(815301076,1909f56bfc062723c751e8b465ee728b)  -> (artifact id: '44a214291b275c749193f148e443a37c') in 0.019087 seconds 
  Import took 0.025771 seconds .

========================================================================
Received Import Request.
  Time since last request: 0.000242 seconds.
  path: Assets/Fantasy Wooden GUI  Free/normal_ui_set A/IRONY TITLE  empty.png
  artifactKey: Guid(4d6a99baee23b654f9e4bb672ae0b438) Importer(815301076,1909f56bfc062723c751e8b465ee728b)
Start importing Assets/Fantasy Wooden GUI  Free/normal_ui_set A/IRONY TITLE  empty.png using Guid(4d6a99baee23b654f9e4bb672ae0b438) Importer(815301076,1909f56bfc062723c751e8b465ee728b)  -> (artifact id: 'a1c6ab68ac12270cfef06eb4d986cbf1') in 0.046270 seconds 
  Import took 0.052767 seconds .

========================================================================
Received Import Request.
  Time since last request: 0.000607 seconds.
  path: Assets/Fantasy Wooden GUI  Free/normal_ui_set A/Exclamation_Yellow.png
  artifactKey: Guid(f26fa8880b3aeef4b8516c82dc12f2a5) Importer(815301076,1909f56bfc062723c751e8b465ee728b)
Start importing Assets/Fantasy Wooden GUI  Free/normal_ui_set A/Exclamation_Yellow.png using Guid(f26fa8880b3aeef4b8516c82dc12f2a5) Importer(815301076,1909f56bfc062723c751e8b465ee728b)  -> (artifact id: 'fd9d63775f48e97be7a0a1381373ab3e') in 0.042930 seconds 
  Import took 0.053536 seconds .

========================================================================
Received Import Request.
  Time since last request: 0.000233 seconds.
  path: Assets/Fantasy Wooden GUI  Free/normal_ui_set A/notice.png
  artifactKey: Guid(86adaa715d8969e48975ca3343ddaedd) Importer(815301076,1909f56bfc062723c751e8b465ee728b)
Start importing Assets/Fantasy Wooden GUI  Free/normal_ui_set A/notice.png using Guid(86adaa715d8969e48975ca3343ddaedd) Importer(815301076,1909f56bfc062723c751e8b465ee728b)  -> (artifact id: '44cf02a745d0dd7a1abdd5bd4d06ac57') in 0.051715 seconds 
  Import took 0.056446 seconds .

========================================================================
Received Import Request.
  Time since last request: 0.000309 seconds.
  path: Assets/Fantasy Wooden GUI  Free/normal_ui_set A/IRONY TITLE  Large.png
  artifactKey: Guid(054411784c3fdf74d9db120b4a792a71) Importer(815301076,1909f56bfc062723c751e8b465ee728b)
Start importing Assets/Fantasy Wooden GUI  Free/normal_ui_set A/IRONY TITLE  Large.png using Guid(054411784c3fdf74d9db120b4a792a71) Importer(815301076,1909f56bfc062723c751e8b465ee728b)  -> (artifact id: 'ea09d0f86d9284ccba8e36788961162d') in 0.046170 seconds 
  Import took 0.053323 seconds .

========================================================================
Received Import Request.
  Time since last request: 905.788319 seconds.
  path: Assets/Scripts/AttackRangeSize.cs
  artifactKey: Guid(9f261593f1a53fa4498b604b012d9515) Importer(815301076,1909f56bfc062723c751e8b465ee728b)
Start importing Assets/Scripts/AttackRangeSize.cs using Guid(9f261593f1a53fa4498b604b012d9515) Importer(815301076,1909f56bfc062723c751e8b465ee728b)  -> (artifact id: '5118087f598ac53a318168bee8d964e7') in 0.113435 seconds 
  Import took 0.657810 seconds .

========================================================================
Received Prepare
Registering precompiled user dll's ...
Registered in 0.027212 seconds.
Begin MonoManager ReloadAssembly
Native extension for WindowsStandalone target not found
Refreshing native plugins compatible for Editor in 1.36 ms, found 3 plugins.
Preloading 0 native plugins for Editor in 0.00 ms.
Mono: successfully reloaded assembly
- Completed reload, in  3.156 seconds
Platform modules already initialized, skipping
Refreshing native plugins compatible for Editor in 0.61 ms, found 3 plugins.
Preloading 0 native plugins for Editor in 0.00 ms.
Unloading 2112 Unused Serialized files (Serialized files now loaded: 0)
System memory in use before: 97.3 MB.
System memory in use after: 97.3 MB.

Unloading 24 unused Assets to reduce memory usage. Loaded Objects now: 2628.
Total: 15.374100 ms (FindLiveObjects: 1.113600 ms CreateObjectMapping: 0.185700 ms MarkObjects: 12.628900 ms  DeleteObjects: 1.443400 ms)

AssetImportParameters requested are different than current active one (requested -> active):
  custom:framework-win-MediaFoundation: 216162199b28c13a410421893ffa2e32 -> 
  custom:video-decoder-ogg-theora: a1e56fd34408186e4bbccfd4996cb3dc -> 
  custom:container-muxer-webm: aa71ff27fc2769a1b78a27578f13a17b -> 
  custom:container-demuxer-webm: 4f35f7cbe854078d1ac9338744f61a02 -> 
  custom:container-demuxer-ogg: 62fdf1f143b41e24485cea50d1cbac27 -> 
  custom:video-encoder-webm-vp8: eb34c28f22e8b96e1ab97ce403110664 -> 
  custom:video-codec-MediaFoundation-h265: 746d11721c4dcdbdad8f713fa42b33f4 -> 
  custom:video-decoder-webm-vp8: 9c59270c3fd7afecdb556c50c9e8de78 -> 
  custom:audio-decoder-ogg-vorbis: bf7c407c2cedff20999df2af8eb42d56 -> 
  custom:audio-encoder-webm-vorbis: bf7c407c2cedff20999df2af8eb42d56 -> 
========================================================================
Received Prepare
Registering precompiled user dll's ...
Registered in 0.023715 seconds.
Begin MonoManager ReloadAssembly
Native extension for WindowsStandalone target not found
Refreshing native plugins compatible for Editor in 0.62 ms, found 3 plugins.
Preloading 0 native plugins for Editor in 0.00 ms.
Mono: successfully reloaded assembly
- Completed reload, in  5.434 seconds
Platform modules already initialized, skipping
Refreshing native plugins compatible for Editor in 0.63 ms, found 3 plugins.
Preloading 0 native plugins for Editor in 0.00 ms.
Unloading 2112 Unused Serialized files (Serialized files now loaded: 0)
System memory in use before: 97.3 MB.
System memory in use after: 97.3 MB.

Unloading 24 unused Assets to reduce memory usage. Loaded Objects now: 2632.
Total: 13.637900 ms (FindLiveObjects: 0.394500 ms CreateObjectMapping: 0.243600 ms MarkObjects: 12.017200 ms  DeleteObjects: 0.980200 ms)

AssetImportParameters requested are different than current active one (requested -> active):
  custom:framework-win-MediaFoundation: 216162199b28c13a410421893ffa2e32 -> 
  custom:video-decoder-ogg-theora: a1e56fd34408186e4bbccfd4996cb3dc -> 
  custom:container-muxer-webm: aa71ff27fc2769a1b78a27578f13a17b -> 
  custom:container-demuxer-webm: 4f35f7cbe854078d1ac9338744f61a02 -> 
  custom:container-demuxer-ogg: 62fdf1f143b41e24485cea50d1cbac27 -> 
  custom:video-encoder-webm-vp8: eb34c28f22e8b96e1ab97ce403110664 -> 
  custom:video-codec-MediaFoundation-h265: 746d11721c4dcdbdad8f713fa42b33f4 -> 
  custom:video-decoder-webm-vp8: 9c59270c3fd7afecdb556c50c9e8de78 -> 
  custom:audio-decoder-ogg-vorbis: bf7c407c2cedff20999df2af8eb42d56 -> 
  custom:audio-encoder-webm-vorbis: bf7c407c2cedff20999df2af8eb42d56 -> 
========================================================================
Received Import Request.
  Time since last request: 105.232712 seconds.
  path: Assets/Scripts/AttackRangeSize.cs
  artifactKey: Guid(9f261593f1a53fa4498b604b012d9515) Importer(815301076,1909f56bfc062723c751e8b465ee728b)
Start importing Assets/Scripts/AttackRangeSize.cs using Guid(9f261593f1a53fa4498b604b012d9515) Importer(815301076,1909f56bfc062723c751e8b465ee728b)  -> (artifact id: '9b83331a1459b5842e442a1033d47719') in 0.020067 seconds 
  Import took 0.031082 seconds .

========================================================================
Received Import Request.
  Time since last request: 12.011907 seconds.
  path: Assets/Scripts/AttackRangeTypeSO.cs
  artifactKey: Guid(0e0db8c9d487e0d468a4a9d0881af118) Importer(815301076,1909f56bfc062723c751e8b465ee728b)
Start importing Assets/Scripts/AttackRangeTypeSO.cs using Guid(0e0db8c9d487e0d468a4a9d0881af118) Importer(815301076,1909f56bfc062723c751e8b465ee728b)  -> (artifact id: '9c61ba17384f78b405a2ddc6105e6197') in 0.015577 seconds 
  Import took 0.022655 seconds .

========================================================================
Received Import Request.
  Time since last request: 0.053650 seconds.
  path: Assets/Scripts/AttackRangeTypeSO.cs
  artifactKey: Guid(0e0db8c9d487e0d468a4a9d0881af118) Importer(815301076,1909f56bfc062723c751e8b465ee728b)
Start importing Assets/Scripts/AttackRangeTypeSO.cs using Guid(0e0db8c9d487e0d468a4a9d0881af118) Importer(815301076,1909f56bfc062723c751e8b465ee728b)  -> (artifact id: '9c61ba17384f78b405a2ddc6105e6197') in 0.013047 seconds 
  Import took 0.025124 seconds .

========================================================================
Received Prepare
Registering precompiled user dll's ...
Registered in 0.015724 seconds.
Begin MonoManager ReloadAssembly
Native extension for WindowsStandalone target not found
Refreshing native plugins compatible for Editor in 1.28 ms, found 3 plugins.
Preloading 0 native plugins for Editor in 0.00 ms.
Mono: successfully reloaded assembly
- Completed reload, in  1.903 seconds
Platform modules already initialized, skipping
Refreshing native plugins compatible for Editor in 0.59 ms, found 3 plugins.
Preloading 0 native plugins for Editor in 0.00 ms.
Unloading 2113 Unused Serialized files (Serialized files now loaded: 0)
System memory in use before: 97.4 MB.
System memory in use after: 97.3 MB.

Unloading 24 unused Assets to reduce memory usage. Loaded Objects now: 2637.
Total: 4.066500 ms (FindLiveObjects: 0.405600 ms CreateObjectMapping: 0.118000 ms MarkObjects: 3.397000 ms  DeleteObjects: 0.143700 ms)

AssetImportParameters requested are different than current active one (requested -> active):
  custom:framework-win-MediaFoundation: 216162199b28c13a410421893ffa2e32 -> 
  custom:video-decoder-ogg-theora: a1e56fd34408186e4bbccfd4996cb3dc -> 
  custom:container-muxer-webm: aa71ff27fc2769a1b78a27578f13a17b -> 
  custom:container-demuxer-webm: 4f35f7cbe854078d1ac9338744f61a02 -> 
  custom:container-demuxer-ogg: 62fdf1f143b41e24485cea50d1cbac27 -> 
  custom:video-encoder-webm-vp8: eb34c28f22e8b96e1ab97ce403110664 -> 
  custom:video-codec-MediaFoundation-h265: 746d11721c4dcdbdad8f713fa42b33f4 -> 
  custom:video-decoder-webm-vp8: 9c59270c3fd7afecdb556c50c9e8de78 -> 
  custom:audio-decoder-ogg-vorbis: bf7c407c2cedff20999df2af8eb42d56 -> 
  custom:audio-encoder-webm-vorbis: bf7c407c2cedff20999df2af8eb42d56 -> 
========================================================================
Received Import Request.
  Time since last request: 32.270292 seconds.
  path: Assets/Scripts/AttackRangeSizeSO.cs
  artifactKey: Guid(0e0db8c9d487e0d468a4a9d0881af118) Importer(815301076,1909f56bfc062723c751e8b465ee728b)
Start importing Assets/Scripts/AttackRangeSizeSO.cs using Guid(0e0db8c9d487e0d468a4a9d0881af118) Importer(815301076,1909f56bfc062723c751e8b465ee728b)  -> (artifact id: '7286d5a416e8b01dbe3612f550ebe37a') in 0.039129 seconds 
  Import took 0.054939 seconds .

========================================================================
Received Import Request.
  Time since last request: 0.002625 seconds.
  path: Assets/Scripts/AttackRangeSizeSO.cs
  artifactKey: Guid(0e0db8c9d487e0d468a4a9d0881af118) Importer(815301076,1909f56bfc062723c751e8b465ee728b)
Start importing Assets/Scripts/AttackRangeSizeSO.cs using Guid(0e0db8c9d487e0d468a4a9d0881af118) Importer(815301076,1909f56bfc062723c751e8b465ee728b)  -> (artifact id: '7286d5a416e8b01dbe3612f550ebe37a') in 0.015728 seconds 
  Import took 0.038326 seconds .

========================================================================
Received Prepare
Registering precompiled user dll's ...
Registered in 0.021223 seconds.
Begin MonoManager ReloadAssembly
Native extension for WindowsStandalone target not found
Refreshing native plugins compatible for Editor in 0.65 ms, found 3 plugins.
Preloading 0 native plugins for Editor in 0.00 ms.
Mono: successfully reloaded assembly
- Completed reload, in  1.403 seconds
Platform modules already initialized, skipping
Refreshing native plugins compatible for Editor in 0.59 ms, found 3 plugins.
Preloading 0 native plugins for Editor in 0.00 ms.
Unloading 2113 Unused Serialized files (Serialized files now loaded: 0)
System memory in use before: 97.4 MB.
System memory in use after: 97.4 MB.

Unloading 24 unused Assets to reduce memory usage. Loaded Objects now: 2641.
Total: 6.556300 ms (FindLiveObjects: 0.875300 ms CreateObjectMapping: 0.130300 ms MarkObjects: 4.452000 ms  DeleteObjects: 1.097200 ms)

AssetImportParameters requested are different than current active one (requested -> active):
  custom:framework-win-MediaFoundation: 216162199b28c13a410421893ffa2e32 -> 
  custom:video-decoder-ogg-theora: a1e56fd34408186e4bbccfd4996cb3dc -> 
  custom:container-muxer-webm: aa71ff27fc2769a1b78a27578f13a17b -> 
  custom:container-demuxer-webm: 4f35f7cbe854078d1ac9338744f61a02 -> 
  custom:container-demuxer-ogg: 62fdf1f143b41e24485cea50d1cbac27 -> 
  custom:video-encoder-webm-vp8: eb34c28f22e8b96e1ab97ce403110664 -> 
  custom:video-codec-MediaFoundation-h265: 746d11721c4dcdbdad8f713fa42b33f4 -> 
  custom:video-decoder-webm-vp8: 9c59270c3fd7afecdb556c50c9e8de78 -> 
  custom:audio-decoder-ogg-vorbis: bf7c407c2cedff20999df2af8eb42d56 -> 
  custom:audio-encoder-webm-vorbis: bf7c407c2cedff20999df2af8eb42d56 -> 
========================================================================
Received Prepare
Registering precompiled user dll's ...
Registered in 0.036415 seconds.
Begin MonoManager ReloadAssembly
Native extension for WindowsStandalone target not found
Refreshing native plugins compatible for Editor in 0.88 ms, found 3 plugins.
Preloading 0 native plugins for Editor in 0.00 ms.
Mono: successfully reloaded assembly
- Completed reload, in  2.580 seconds
Platform modules already initialized, skipping
Refreshing native plugins compatible for Editor in 0.76 ms, found 3 plugins.
Preloading 0 native plugins for Editor in 0.00 ms.
Unloading 2113 Unused Serialized files (Serialized files now loaded: 0)
System memory in use before: 97.4 MB.
System memory in use after: 97.4 MB.

Unloading 24 unused Assets to reduce memory usage. Loaded Objects now: 2645.
Total: 10.703600 ms (FindLiveObjects: 0.632200 ms CreateObjectMapping: 0.129000 ms MarkObjects: 8.928700 ms  DeleteObjects: 1.009300 ms)

AssetImportParameters requested are different than current active one (requested -> active):
  custom:framework-win-MediaFoundation: 216162199b28c13a410421893ffa2e32 -> 
  custom:video-decoder-ogg-theora: a1e56fd34408186e4bbccfd4996cb3dc -> 
  custom:container-muxer-webm: aa71ff27fc2769a1b78a27578f13a17b -> 
  custom:container-demuxer-webm: 4f35f7cbe854078d1ac9338744f61a02 -> 
  custom:container-demuxer-ogg: 62fdf1f143b41e24485cea50d1cbac27 -> 
  custom:video-encoder-webm-vp8: eb34c28f22e8b96e1ab97ce403110664 -> 
  custom:video-codec-MediaFoundation-h265: 746d11721c4dcdbdad8f713fa42b33f4 -> 
  custom:video-decoder-webm-vp8: 9c59270c3fd7afecdb556c50c9e8de78 -> 
  custom:audio-decoder-ogg-vorbis: bf7c407c2cedff20999df2af8eb42d56 -> 
  custom:audio-encoder-webm-vorbis: bf7c407c2cedff20999df2af8eb42d56 -> 
========================================================================
Received Import Request.
  Time since last request: 468.952133 seconds.
  path: Assets/Scripts/AttackRangeSizeSO.cs
  artifactKey: Guid(0e0db8c9d487e0d468a4a9d0881af118) Importer(815301076,1909f56bfc062723c751e8b465ee728b)
Start importing Assets/Scripts/AttackRangeSizeSO.cs using Guid(0e0db8c9d487e0d468a4a9d0881af118) Importer(815301076,1909f56bfc062723c751e8b465ee728b)  -> (artifact id: 'ad48805876f4f94d43181903ede56790') in 0.025788 seconds 
  Import took 0.034066 seconds .

========================================================================
Received Import Request.
  Time since last request: 133.334734 seconds.
  path: Assets/Datas/AttackRangeSizeSO.asset
  artifactKey: Guid(70d2fe451fd166d42a118ec8de0e9342) Importer(815301076,1909f56bfc062723c751e8b465ee728b)
Start importing Assets/Datas/AttackRangeSizeSO.asset using Guid(70d2fe451fd166d42a118ec8de0e9342) Importer(815301076,1909f56bfc062723c751e8b465ee728b)  -> (artifact id: '9c31eeb7aed1750cace34c2f2c5f53b8') in 0.064037 seconds 
  Import took 0.070802 seconds .

========================================================================
Received Prepare
Registering precompiled user dll's ...
Registered in 0.020596 seconds.
Begin MonoManager ReloadAssembly
Native extension for WindowsStandalone target not found
Refreshing native plugins compatible for Editor in 0.70 ms, found 3 plugins.
Preloading 0 native plugins for Editor in 0.00 ms.
Mono: successfully reloaded assembly
- Completed reload, in  4.518 seconds
Platform modules already initialized, skipping
Refreshing native plugins compatible for Editor in 0.66 ms, found 3 plugins.
Preloading 0 native plugins for Editor in 0.00 ms.
Unloading 2113 Unused Serialized files (Serialized files now loaded: 0)
System memory in use before: 97.4 MB.
System memory in use after: 97.4 MB.

Unloading 24 unused Assets to reduce memory usage. Loaded Objects now: 2649.
Total: 5.753800 ms (FindLiveObjects: 2.675700 ms CreateObjectMapping: 0.145800 ms MarkObjects: 2.316200 ms  DeleteObjects: 0.614700 ms)

AssetImportParameters requested are different than current active one (requested -> active):
  custom:framework-win-MediaFoundation: 216162199b28c13a410421893ffa2e32 -> 
  custom:video-decoder-ogg-theora: a1e56fd34408186e4bbccfd4996cb3dc -> 
  custom:container-muxer-webm: aa71ff27fc2769a1b78a27578f13a17b -> 
  custom:container-demuxer-webm: 4f35f7cbe854078d1ac9338744f61a02 -> 
  custom:container-demuxer-ogg: 62fdf1f143b41e24485cea50d1cbac27 -> 
  custom:video-encoder-webm-vp8: eb34c28f22e8b96e1ab97ce403110664 -> 
  custom:video-codec-MediaFoundation-h265: 746d11721c4dcdbdad8f713fa42b33f4 -> 
  custom:video-decoder-webm-vp8: 9c59270c3fd7afecdb556c50c9e8de78 -> 
  custom:audio-decoder-ogg-vorbis: bf7c407c2cedff20999df2af8eb42d56 -> 
  custom:audio-encoder-webm-vorbis: bf7c407c2cedff20999df2af8eb42d56 -> 
========================================================================
Received Import Request.
  Time since last request: 293.816992 seconds.
  path: Assets/Scripts/AttackRangeSize.cs
  artifactKey: Guid(9f261593f1a53fa4498b604b012d9515) Importer(815301076,1909f56bfc062723c751e8b465ee728b)
Start importing Assets/Scripts/AttackRangeSize.cs using Guid(9f261593f1a53fa4498b604b012d9515) Importer(815301076,1909f56bfc062723c751e8b465ee728b)  -> (artifact id: '65f37df39125f3fe9ba2ef1b55cbe4d3') in 0.022328 seconds 
  Import took 0.033538 seconds .

========================================================================
Received Import Request.
  Time since last request: 0.014169 seconds.
  path: Assets/Scripts/AttackRangeSize.cs
  artifactKey: Guid(9f261593f1a53fa4498b604b012d9515) Importer(815301076,1909f56bfc062723c751e8b465ee728b)
Start importing Assets/Scripts/AttackRangeSize.cs using Guid(9f261593f1a53fa4498b604b012d9515) Importer(815301076,1909f56bfc062723c751e8b465ee728b)  -> (artifact id: '65f37df39125f3fe9ba2ef1b55cbe4d3') in 0.014222 seconds 
  Import took 0.028552 seconds .

========================================================================
Received Prepare
Registering precompiled user dll's ...
Registered in 0.027293 seconds.
Begin MonoManager ReloadAssembly
Native extension for WindowsStandalone target not found
Refreshing native plugins compatible for Editor in 0.81 ms, found 3 plugins.
Preloading 0 native plugins for Editor in 0.00 ms.
Mono: successfully reloaded assembly
- Completed reload, in  4.119 seconds
Platform modules already initialized, skipping
Refreshing native plugins compatible for Editor in 0.86 ms, found 3 plugins.
Preloading 0 native plugins for Editor in 0.00 ms.
Unloading 2113 Unused Serialized files (Serialized files now loaded: 0)
System memory in use before: 97.4 MB.
System memory in use after: 97.4 MB.

Unloading 24 unused Assets to reduce memory usage. Loaded Objects now: 2653.
Total: 22.513700 ms (FindLiveObjects: 1.739900 ms CreateObjectMapping: 0.270800 ms MarkObjects: 18.917000 ms  DeleteObjects: 1.583600 ms)

AssetImportParameters requested are different than current active one (requested -> active):
  custom:framework-win-MediaFoundation: 216162199b28c13a410421893ffa2e32 -> 
  custom:video-decoder-ogg-theora: a1e56fd34408186e4bbccfd4996cb3dc -> 
  custom:container-muxer-webm: aa71ff27fc2769a1b78a27578f13a17b -> 
  custom:container-demuxer-webm: 4f35f7cbe854078d1ac9338744f61a02 -> 
  custom:container-demuxer-ogg: 62fdf1f143b41e24485cea50d1cbac27 -> 
  custom:video-encoder-webm-vp8: eb34c28f22e8b96e1ab97ce403110664 -> 
  custom:video-codec-MediaFoundation-h265: 746d11721c4dcdbdad8f713fa42b33f4 -> 
  custom:video-decoder-webm-vp8: 9c59270c3fd7afecdb556c50c9e8de78 -> 
  custom:audio-decoder-ogg-vorbis: bf7c407c2cedff20999df2af8eb42d56 -> 
  custom:audio-encoder-webm-vorbis: bf7c407c2cedff20999df2af8eb42d56 -> 
========================================================================
Received Prepare
Registering precompiled user dll's ...
Registered in 0.019084 seconds.
Begin MonoManager ReloadAssembly
Native extension for WindowsStandalone target not found
Refreshing native plugins compatible for Editor in 0.78 ms, found 3 plugins.
Preloading 0 native plugins for Editor in 0.00 ms.
Mono: successfully reloaded assembly
- Completed reload, in  2.171 seconds
Platform modules already initialized, skipping
Refreshing native plugins compatible for Editor in 0.55 ms, found 3 plugins.
Preloading 0 native plugins for Editor in 0.00 ms.
Unloading 2113 Unused Serialized files (Serialized files now loaded: 0)
System memory in use before: 97.4 MB.
System memory in use after: 97.4 MB.

Unloading 24 unused Assets to reduce memory usage. Loaded Objects now: 2657.
Total: 3.112000 ms (FindLiveObjects: 0.251200 ms CreateObjectMapping: 0.101900 ms MarkObjects: 2.539900 ms  DeleteObjects: 0.217200 ms)

AssetImportParameters requested are different than current active one (requested -> active):
  custom:framework-win-MediaFoundation: 216162199b28c13a410421893ffa2e32 -> 
  custom:video-decoder-ogg-theora: a1e56fd34408186e4bbccfd4996cb3dc -> 
  custom:container-muxer-webm: aa71ff27fc2769a1b78a27578f13a17b -> 
  custom:container-demuxer-webm: 4f35f7cbe854078d1ac9338744f61a02 -> 
  custom:container-demuxer-ogg: 62fdf1f143b41e24485cea50d1cbac27 -> 
  custom:video-encoder-webm-vp8: eb34c28f22e8b96e1ab97ce403110664 -> 
  custom:video-codec-MediaFoundation-h265: 746d11721c4dcdbdad8f713fa42b33f4 -> 
  custom:video-decoder-webm-vp8: 9c59270c3fd7afecdb556c50c9e8de78 -> 
  custom:audio-decoder-ogg-vorbis: bf7c407c2cedff20999df2af8eb42d56 -> 
  custom:audio-encoder-webm-vorbis: bf7c407c2cedff20999df2af8eb42d56 -> 
========================================================================
Received Import Request.
  Time since last request: 299.432312 seconds.
  path: Assets/Scripts/AttackRangeSize.cs
  artifactKey: Guid(9f261593f1a53fa4498b604b012d9515) Importer(815301076,1909f56bfc062723c751e8b465ee728b)
Start importing Assets/Scripts/AttackRangeSize.cs using Guid(9f261593f1a53fa4498b604b012d9515) Importer(815301076,1909f56bfc062723c751e8b465ee728b)  -> (artifact id: '328679edaf72b3dd7128677c05130806') in 0.029119 seconds 
  Import took 0.039635 seconds .

========================================================================
Received Import Request.
  Time since last request: 0.000765 seconds.
  path: Assets/Scripts/AttackRangeSize.cs
  artifactKey: Guid(9f261593f1a53fa4498b604b012d9515) Importer(815301076,1909f56bfc062723c751e8b465ee728b)
Start importing Assets/Scripts/AttackRangeSize.cs using Guid(9f261593f1a53fa4498b604b012d9515) Importer(815301076,1909f56bfc062723c751e8b465ee728b)  -> (artifact id: '328679edaf72b3dd7128677c05130806') in 0.005311 seconds 
  Import took 0.017893 seconds .

========================================================================
Received Import Request.
  Time since last request: 2.789210 seconds.
  path: Assets/Scripts/AttackRangeSizeSO.cs
  artifactKey: Guid(0e0db8c9d487e0d468a4a9d0881af118) Importer(815301076,1909f56bfc062723c751e8b465ee728b)
Start importing Assets/Scripts/AttackRangeSizeSO.cs using Guid(0e0db8c9d487e0d468a4a9d0881af118) Importer(815301076,1909f56bfc062723c751e8b465ee728b)  -> (artifact id: 'e8f78fd8863c9cbca5888628c42ee39b') in 0.006457 seconds 
  Import took 0.014470 seconds .

========================================================================
Received Import Request.
  Time since last request: 16.589848 seconds.
  path: Assets/Datas/AttackRangeSizeSO.asset
  artifactKey: Guid(70d2fe451fd166d42a118ec8de0e9342) Importer(815301076,1909f56bfc062723c751e8b465ee728b)
Start importing Assets/Datas/AttackRangeSizeSO.asset using Guid(70d2fe451fd166d42a118ec8de0e9342) Importer(815301076,1909f56bfc062723c751e8b465ee728b)  -> (artifact id: '84cdcbd840d764cbd3571219426f1fb0') in 0.044675 seconds 
  Import took 0.055983 seconds .

========================================================================
Received Import Request.
  Time since last request: 0.001361 seconds.
  path: Assets/Datas/AttackRangeSizeSO.asset
  artifactKey: Guid(70d2fe451fd166d42a118ec8de0e9342) Importer(815301076,1909f56bfc062723c751e8b465ee728b)
Start importing Assets/Datas/AttackRangeSizeSO.asset using Guid(70d2fe451fd166d42a118ec8de0e9342) Importer(815301076,1909f56bfc062723c751e8b465ee728b)  -> (artifact id: '84cdcbd840d764cbd3571219426f1fb0') in 0.009171 seconds 
  Import took 0.014948 seconds .

========================================================================
Received Prepare
Registering precompiled user dll's ...
Registered in 0.044632 seconds.
Begin MonoManager ReloadAssembly
Native extension for WindowsStandalone target not found
Refreshing native plugins compatible for Editor in 0.99 ms, found 3 plugins.
Preloading 0 native plugins for Editor in 0.00 ms.
Mono: successfully reloaded assembly
- Completed reload, in  2.520 seconds
Platform modules already initialized, skipping
Refreshing native plugins compatible for Editor in 0.67 ms, found 3 plugins.
Preloading 0 native plugins for Editor in 0.00 ms.
Unloading 2113 Unused Serialized files (Serialized files now loaded: 0)
System memory in use before: 97.5 MB.
System memory in use after: 97.4 MB.

Unloading 24 unused Assets to reduce memory usage. Loaded Objects now: 2661.
Total: 16.996500 ms (FindLiveObjects: 1.406000 ms CreateObjectMapping: 0.219000 ms MarkObjects: 14.552000 ms  DeleteObjects: 0.817000 ms)

AssetImportParameters requested are different than current active one (requested -> active):
  custom:framework-win-MediaFoundation: 216162199b28c13a410421893ffa2e32 -> 
  custom:video-decoder-ogg-theora: a1e56fd34408186e4bbccfd4996cb3dc -> 
  custom:container-muxer-webm: aa71ff27fc2769a1b78a27578f13a17b -> 
  custom:container-demuxer-webm: 4f35f7cbe854078d1ac9338744f61a02 -> 
  custom:container-demuxer-ogg: 62fdf1f143b41e24485cea50d1cbac27 -> 
  custom:video-encoder-webm-vp8: eb34c28f22e8b96e1ab97ce403110664 -> 
  custom:video-codec-MediaFoundation-h265: 746d11721c4dcdbdad8f713fa42b33f4 -> 
  custom:video-decoder-webm-vp8: 9c59270c3fd7afecdb556c50c9e8de78 -> 
  custom:audio-decoder-ogg-vorbis: bf7c407c2cedff20999df2af8eb42d56 -> 
  custom:audio-encoder-webm-vorbis: bf7c407c2cedff20999df2af8eb42d56 -> 
========================================================================
Received Prepare
Registering precompiled user dll's ...
Registered in 5.766551 seconds.
Begin MonoManager ReloadAssembly
Native extension for WindowsStandalone target not found
Refreshing native plugins compatible for Editor in 1.34 ms, found 3 plugins.
Preloading 0 native plugins for Editor in 0.00 ms.
Mono: successfully reloaded assembly
- Completed reload, in  2.218 seconds
Platform modules already initialized, skipping
Refreshing native plugins compatible for Editor in 1.24 ms, found 3 plugins.
Preloading 0 native plugins for Editor in 0.00 ms.
Unloading 2113 Unused Serialized files (Serialized files now loaded: 0)
System memory in use before: 97.5 MB.
System memory in use after: 97.4 MB.

Unloading 24 unused Assets to reduce memory usage. Loaded Objects now: 2665.
Total: 13.715200 ms (FindLiveObjects: 1.206500 ms CreateObjectMapping: 0.200600 ms MarkObjects: 10.849100 ms  DeleteObjects: 1.456400 ms)

AssetImportParameters requested are different than current active one (requested -> active):
  custom:framework-win-MediaFoundation: 216162199b28c13a410421893ffa2e32 -> 
  custom:video-decoder-ogg-theora: a1e56fd34408186e4bbccfd4996cb3dc -> 
  custom:container-muxer-webm: aa71ff27fc2769a1b78a27578f13a17b -> 
  custom:container-demuxer-webm: 4f35f7cbe854078d1ac9338744f61a02 -> 
  custom:container-demuxer-ogg: 62fdf1f143b41e24485cea50d1cbac27 -> 
  custom:video-encoder-webm-vp8: eb34c28f22e8b96e1ab97ce403110664 -> 
  custom:video-codec-MediaFoundation-h265: 746d11721c4dcdbdad8f713fa42b33f4 -> 
  custom:video-decoder-webm-vp8: 9c59270c3fd7afecdb556c50c9e8de78 -> 
  custom:audio-decoder-ogg-vorbis: bf7c407c2cedff20999df2af8eb42d56 -> 
  custom:audio-encoder-webm-vorbis: bf7c407c2cedff20999df2af8eb42d56 -> 
========================================================================
Received Import Request.
  Time since last request: 951.741737 seconds.
  path: Assets/Prefabs/Chara_0.prefab
  artifactKey: Guid(d1697c8872a00074d84e0c31798e6eba) Importer(815301076,1909f56bfc062723c751e8b465ee728b)
Start importing Assets/Prefabs/Chara_0.prefab using Guid(d1697c8872a00074d84e0c31798e6eba) Importer(815301076,1909f56bfc062723c751e8b465ee728b)  -> (artifact id: '49f0504b1168f39363282beaedcd6848') in 0.312713 seconds 
  Import took 0.323292 seconds .

========================================================================
Received Import Request.
  Time since last request: 0.000474 seconds.
  path: Assets/Prefabs/魔王_0.prefab
  artifactKey: Guid(2e2eaa41b91b87c42a69f7ee43d84814) Importer(815301076,1909f56bfc062723c751e8b465ee728b)
Start importing Assets/Prefabs/魔王_0.prefab using Guid(2e2eaa41b91b87c42a69f7ee43d84814) Importer(815301076,1909f56bfc062723c751e8b465ee728b)  -> (artifact id: 'eedd0d313301fe3728a16d92807bdaed') in 0.115551 seconds 
  Import took 0.121787 seconds .

========================================================================
Received Import Request.
  Time since last request: 861.420492 seconds.
  path: Assets/Picture/22055439.png
  artifactKey: Guid(6a583e81950d7474f920de7f7f4fd456) Importer(815301076,1909f56bfc062723c751e8b465ee728b)
Start importing Assets/Picture/22055439.png using Guid(6a583e81950d7474f920de7f7f4fd456) Importer(815301076,1909f56bfc062723c751e8b465ee728b)  -> (artifact id: '8e12c2197e4fa597d162b1e88fb1a041') in 2.003045 seconds 
  Import took 2.495885 seconds .

========================================================================
Received Prepare
Registering precompiled user dll's ...
Registered in 0.031509 seconds.
Begin MonoManager ReloadAssembly
Native extension for WindowsStandalone target not found
Refreshing native plugins compatible for Editor in 1.01 ms, found 3 plugins.
Preloading 0 native plugins for Editor in 0.00 ms.
Mono: successfully reloaded assembly
- Completed reload, in  3.176 seconds
Platform modules already initialized, skipping
Refreshing native plugins compatible for Editor in 0.85 ms, found 3 plugins.
Preloading 0 native plugins for Editor in 0.00 ms.
Unloading 2113 Unused Serialized files (Serialized files now loaded: 0)
System memory in use before: 97.5 MB.
System memory in use after: 97.5 MB.

Unloading 24 unused Assets to reduce memory usage. Loaded Objects now: 2676.
Total: 12.905300 ms (FindLiveObjects: 0.703900 ms CreateObjectMapping: 0.211900 ms MarkObjects: 10.777100 ms  DeleteObjects: 1.210100 ms)

AssetImportParameters requested are different than current active one (requested -> active):
  custom:framework-win-MediaFoundation: 216162199b28c13a410421893ffa2e32 -> 
  custom:video-decoder-ogg-theora: a1e56fd34408186e4bbccfd4996cb3dc -> 
  custom:container-muxer-webm: aa71ff27fc2769a1b78a27578f13a17b -> 
  custom:container-demuxer-webm: 4f35f7cbe854078d1ac9338744f61a02 -> 
  custom:container-demuxer-ogg: 62fdf1f143b41e24485cea50d1cbac27 -> 
  custom:video-encoder-webm-vp8: eb34c28f22e8b96e1ab97ce403110664 -> 
  custom:video-codec-MediaFoundation-h265: 746d11721c4dcdbdad8f713fa42b33f4 -> 
  custom:video-decoder-webm-vp8: 9c59270c3fd7afecdb556c50c9e8de78 -> 
  custom:audio-decoder-ogg-vorbis: bf7c407c2cedff20999df2af8eb42d56 -> 
  custom:audio-encoder-webm-vorbis: bf7c407c2cedff20999df2af8eb42d56 -> 
========================================================================
Received Prepare
Registering precompiled user dll's ...
Registered in 0.030169 seconds.
Begin MonoManager ReloadAssembly
Native extension for WindowsStandalone target not found
Refreshing native plugins compatible for Editor in 1.20 ms, found 3 plugins.
Preloading 0 native plugins for Editor in 0.00 ms.
Mono: successfully reloaded assembly
- Completed reload, in  1.765 seconds
Platform modules already initialized, skipping
Refreshing native plugins compatible for Editor in 0.69 ms, found 3 plugins.
Preloading 0 native plugins for Editor in 0.00 ms.
Unloading 2113 Unused Serialized files (Serialized files now loaded: 0)
System memory in use before: 97.6 MB.
System memory in use after: 97.5 MB.

Unloading 24 unused Assets to reduce memory usage. Loaded Objects now: 2680.
Total: 3.860500 ms (FindLiveObjects: 0.251900 ms CreateObjectMapping: 0.094500 ms MarkObjects: 2.586600 ms  DeleteObjects: 0.926300 ms)

AssetImportParameters requested are different than current active one (requested -> active):
  custom:framework-win-MediaFoundation: 216162199b28c13a410421893ffa2e32 -> 
  custom:video-decoder-ogg-theora: a1e56fd34408186e4bbccfd4996cb3dc -> 
  custom:container-muxer-webm: aa71ff27fc2769a1b78a27578f13a17b -> 
  custom:container-demuxer-webm: 4f35f7cbe854078d1ac9338744f61a02 -> 
  custom:container-demuxer-ogg: 62fdf1f143b41e24485cea50d1cbac27 -> 
  custom:video-encoder-webm-vp8: eb34c28f22e8b96e1ab97ce403110664 -> 
  custom:video-codec-MediaFoundation-h265: 746d11721c4dcdbdad8f713fa42b33f4 -> 
  custom:video-decoder-webm-vp8: 9c59270c3fd7afecdb556c50c9e8de78 -> 
  custom:audio-decoder-ogg-vorbis: bf7c407c2cedff20999df2af8eb42d56 -> 
  custom:audio-encoder-webm-vorbis: bf7c407c2cedff20999df2af8eb42d56 -> 
========================================================================
Received Prepare
Registering precompiled user dll's ...
Registered in 0.014739 seconds.
Begin MonoManager ReloadAssembly
Native extension for WindowsStandalone target not found
Refreshing native plugins compatible for Editor in 0.66 ms, found 3 plugins.
Preloading 0 native plugins for Editor in 0.00 ms.
Mono: successfully reloaded assembly
- Completed reload, in  1.437 seconds
Platform modules already initialized, skipping
Refreshing native plugins compatible for Editor in 1.73 ms, found 3 plugins.
Preloading 0 native plugins for Editor in 0.00 ms.
Unloading 2113 Unused Serialized files (Serialized files now loaded: 0)
System memory in use before: 97.6 MB.
System memory in use after: 97.6 MB.

Unloading 24 unused Assets to reduce memory usage. Loaded Objects now: 2684.
Total: 5.123900 ms (FindLiveObjects: 0.429000 ms CreateObjectMapping: 0.590400 ms MarkObjects: 3.819900 ms  DeleteObjects: 0.282900 ms)

AssetImportParameters requested are different than current active one (requested -> active):
  custom:framework-win-MediaFoundation: 216162199b28c13a410421893ffa2e32 -> 
  custom:video-decoder-ogg-theora: a1e56fd34408186e4bbccfd4996cb3dc -> 
  custom:container-muxer-webm: aa71ff27fc2769a1b78a27578f13a17b -> 
  custom:container-demuxer-webm: 4f35f7cbe854078d1ac9338744f61a02 -> 
  custom:container-demuxer-ogg: 62fdf1f143b41e24485cea50d1cbac27 -> 
  custom:video-encoder-webm-vp8: eb34c28f22e8b96e1ab97ce403110664 -> 
  custom:video-codec-MediaFoundation-h265: 746d11721c4dcdbdad8f713fa42b33f4 -> 
  custom:video-decoder-webm-vp8: 9c59270c3fd7afecdb556c50c9e8de78 -> 
  custom:audio-decoder-ogg-vorbis: bf7c407c2cedff20999df2af8eb42d56 -> 
  custom:audio-encoder-webm-vorbis: bf7c407c2cedff20999df2af8eb42d56 -> 
AssetImportWorkerClient::OnTransportError - code=2 error=End of file
