Using pre-set license
Built from '2020.3/staging' branch; Version is '2020.3.13f1 (71691879b7f5) revision 7432472'; Using compiler version '192528614'; Build Type 'Release'
OS: 'Windows 10 Home; OS build 19042.1237; Version 2009; 64bit' Language: 'ja' Physical Memory: 3996 MB
BatchMode: 1, IsHumanControllingUs: 0, StartBugReporterOnCrash: 0, Is64bit: 1, IsPro: 0

 COMMAND LINE ARGUMENTS:
C:\Program Files\Unity\Hub\Editor\2020.3.13f1\Editor\Unity.exe
-adb2
-batchMode
-noUpm
-name
AssetImportWorker4
-projectPath
C:/Users/Owner/TowerDeffence
-logFile
Logs/AssetImportWorker4.log
-srvPort
55356
Successfully changed project path to: C:/Users/Owner/TowerDeffence
C:/Users/Owner/TowerDeffence
Using Asset Import Pipeline V2.
Refreshing native plugins compatible for Editor in 156.27 ms, found 3 plugins.
Preloading 0 native plugins for Editor in 0.00 ms.
Initialize engine version: 2020.3.13f1 (71691879b7f5)
[Subsystems] Discovering subsystems at path C:/Program Files/Unity/Hub/Editor/2020.3.13f1/Editor/Data/Resources/UnitySubsystems
[Subsystems] Discovering subsystems at path C:/Users/Owner/TowerDeffence/Assets
GfxDevice: creating device client; threaded=0
Direct3D:
    Version:  Direct3D 11.0 [level 11.1]
    Renderer: Intel(R) UHD Graphics 620 (ID=0x5917)
    Vendor:   
    VRAM:     1998 MB
    Driver:   26.20.100.8142
Initialize mono
Mono path[0] = 'C:/Program Files/Unity/Hub/Editor/2020.3.13f1/Editor/Data/Managed'
Mono path[1] = 'C:/Program Files/Unity/Hub/Editor/2020.3.13f1/Editor/Data/MonoBleedingEdge/lib/mono/unityjit'
Mono config path = 'C:/Program Files/Unity/Hub/Editor/2020.3.13f1/Editor/Data/MonoBleedingEdge/etc'
Using monoOptions --debugger-agent=transport=dt_socket,embedding=1,server=y,suspend=n,address=127.0.0.1:56984
Begin MonoManager ReloadAssembly
Registering precompiled unity dll's ...
Register platform support module: C:/Program Files/Unity/Hub/Editor/2020.3.13f1/Editor/Data/PlaybackEngines/WindowsStandaloneSupport/UnityEditor.WindowsStandalone.Extensions.dll
Registered in 0.009508 seconds.
Native extension for WindowsStandalone target not found
Refreshing native plugins compatible for Editor in 120.44 ms, found 3 plugins.
Preloading 0 native plugins for Editor in 0.00 ms.
Mono: successfully reloaded assembly
- Completed reload, in  8.097 seconds
Platform modules already initialized, skipping
Registering precompiled user dll's ...
Registered in 0.041337 seconds.
Begin MonoManager ReloadAssembly
Native extension for WindowsStandalone target not found
Refreshing native plugins compatible for Editor in 121.97 ms, found 3 plugins.
Preloading 0 native plugins for Editor in 0.00 ms.
Mono: successfully reloaded assembly
- Completed reload, in  6.490 seconds
Platform modules already initialized, skipping
========================================================================
Worker process is ready to serve import requests
Launched and connected shader compiler UnityShaderCompiler.exe after 0.16 seconds
Refreshing native plugins compatible for Editor in 1.04 ms, found 3 plugins.
Preloading 0 native plugins for Editor in 0.00 ms.
Unloading 2118 Unused Serialized files (Serialized files now loaded: 0)
System memory in use before: 94.3 MB.
System memory in use after: 94.3 MB.

Unloading 36 unused Assets to reduce memory usage. Loaded Objects now: 2557.
Total: 18.406800 ms (FindLiveObjects: 0.489400 ms CreateObjectMapping: 0.316500 ms MarkObjects: 16.655800 ms  DeleteObjects: 0.940900 ms)

AssetImportParameters requested are different than current active one (requested -> active):
  custom:framework-win-MediaFoundation: 216162199b28c13a410421893ffa2e32 -> 
  custom:video-decoder-ogg-theora: a1e56fd34408186e4bbccfd4996cb3dc -> 
  custom:container-muxer-webm: aa71ff27fc2769a1b78a27578f13a17b -> 
  custom:container-demuxer-webm: 4f35f7cbe854078d1ac9338744f61a02 -> 
  custom:container-demuxer-ogg: 62fdf1f143b41e24485cea50d1cbac27 -> 
  custom:video-encoder-webm-vp8: eb34c28f22e8b96e1ab97ce403110664 -> 
  custom:video-codec-MediaFoundation-h265: 746d11721c4dcdbdad8f713fa42b33f4 -> 
  custom:video-decoder-webm-vp8: 9c59270c3fd7afecdb556c50c9e8de78 -> 
  custom:audio-decoder-ogg-vorbis: bf7c407c2cedff20999df2af8eb42d56 -> 
  custom:audio-encoder-webm-vorbis: bf7c407c2cedff20999df2af8eb42d56 -> 
========================================================================
Received Import Request.
  path: Assets/Scripts/DeffenceTower.cs
  artifactKey: Guid(97ea6016015ef61468dd447d6a8729ea) Importer(815301076,1909f56bfc062723c751e8b465ee728b)
Start importing Assets/Scripts/DeffenceTower.cs using Guid(97ea6016015ef61468dd447d6a8729ea) Importer(815301076,1909f56bfc062723c751e8b465ee728b)  -> (artifact id: '51b375178e27a5821191d2354f03d8c8') in 2.388550 seconds 
  Import took 2.413934 seconds .

========================================================================
Received Import Request.
  Time since last request: 234.781333 seconds.
  path: Assets/Scripts/EnemyGenerator.cs
  artifactKey: Guid(acc59ccb9a2918748ba3435803c08d33) Importer(815301076,1909f56bfc062723c751e8b465ee728b)
Start importing Assets/Scripts/EnemyGenerator.cs using Guid(acc59ccb9a2918748ba3435803c08d33) Importer(815301076,1909f56bfc062723c751e8b465ee728b)  -> (artifact id: '89e69c462d232fe7efece0903db3695e') in 0.065666 seconds 
  Import took 0.181522 seconds .

========================================================================
Received Import Request.
  Time since last request: 0.570205 seconds.
  path: Assets/Scripts/EnemyGenerator.cs
  artifactKey: Guid(acc59ccb9a2918748ba3435803c08d33) Importer(815301076,1909f56bfc062723c751e8b465ee728b)
Start importing Assets/Scripts/EnemyGenerator.cs using Guid(acc59ccb9a2918748ba3435803c08d33) Importer(815301076,1909f56bfc062723c751e8b465ee728b)  -> (artifact id: '89e69c462d232fe7efece0903db3695e') in 0.021704 seconds 
  Import took 0.050265 seconds .

========================================================================
Received Import Request.
  Time since last request: 3.523430 seconds.
  path: Assets/Scripts/EnemyController.cs
  artifactKey: Guid(1c14cdbafbb140a499e70659d05eaf82) Importer(815301076,1909f56bfc062723c751e8b465ee728b)
Start importing Assets/Scripts/EnemyController.cs using Guid(1c14cdbafbb140a499e70659d05eaf82) Importer(815301076,1909f56bfc062723c751e8b465ee728b)  -> (artifact id: 'b9872b20e7de78447cfe8541302e6958') in 0.068409 seconds 
  Import took 0.089566 seconds .

========================================================================
Received Import Request.
  Time since last request: 1907.698689 seconds.
  path: Assets/Scripts/EnemyController.cs
  artifactKey: Guid(1c14cdbafbb140a499e70659d05eaf82) Importer(815301076,1909f56bfc062723c751e8b465ee728b)
Start importing Assets/Scripts/EnemyController.cs using Guid(1c14cdbafbb140a499e70659d05eaf82) Importer(815301076,1909f56bfc062723c751e8b465ee728b)  -> (artifact id: '6b1b1b7223dad16454f67d14246a8d86') in 0.043835 seconds 
  Import took 0.500432 seconds .

========================================================================
Received Import Request.
  Time since last request: 10.062121 seconds.
  path: Assets/Scripts/EnemyController.cs
  artifactKey: Guid(1c14cdbafbb140a499e70659d05eaf82) Importer(815301076,1909f56bfc062723c751e8b465ee728b)
Start importing Assets/Scripts/EnemyController.cs using Guid(1c14cdbafbb140a499e70659d05eaf82) Importer(815301076,1909f56bfc062723c751e8b465ee728b)  -> (artifact id: '27e6fd793ddf21353f7125300045c6af') in 0.044462 seconds 
  Import took 0.061068 seconds .

========================================================================
Received Prepare
Registering precompiled user dll's ...
Registered in 0.036629 seconds.
Begin MonoManager ReloadAssembly
Native extension for WindowsStandalone target not found
Refreshing native plugins compatible for Editor in 0.61 ms, found 3 plugins.
Preloading 0 native plugins for Editor in 0.00 ms.
Mono: successfully reloaded assembly
- Completed reload, in  2.183 seconds
Platform modules already initialized, skipping
Script error: OnTriggerEnter2D
This message parameter has to be of type: Collider2D
The message will be ignored.

Refreshing native plugins compatible for Editor in 0.68 ms, found 3 plugins.
Preloading 0 native plugins for Editor in 0.00 ms.
Unloading 2111 Unused Serialized files (Serialized files now loaded: 0)
System memory in use before: 94.2 MB.
System memory in use after: 94.2 MB.

Unloading 24 unused Assets to reduce memory usage. Loaded Objects now: 2561.
Total: 34.815500 ms (FindLiveObjects: 0.999700 ms CreateObjectMapping: 0.213500 ms MarkObjects: 32.997200 ms  DeleteObjects: 0.602400 ms)

AssetImportParameters requested are different than current active one (requested -> active):
  custom:framework-win-MediaFoundation: 216162199b28c13a410421893ffa2e32 -> 
  custom:video-decoder-ogg-theora: a1e56fd34408186e4bbccfd4996cb3dc -> 
  custom:container-muxer-webm: aa71ff27fc2769a1b78a27578f13a17b -> 
  custom:container-demuxer-webm: 4f35f7cbe854078d1ac9338744f61a02 -> 
  custom:container-demuxer-ogg: 62fdf1f143b41e24485cea50d1cbac27 -> 
  custom:video-encoder-webm-vp8: eb34c28f22e8b96e1ab97ce403110664 -> 
  custom:video-codec-MediaFoundation-h265: 746d11721c4dcdbdad8f713fa42b33f4 -> 
  custom:video-decoder-webm-vp8: 9c59270c3fd7afecdb556c50c9e8de78 -> 
  custom:audio-decoder-ogg-vorbis: bf7c407c2cedff20999df2af8eb42d56 -> 
  custom:audio-encoder-webm-vorbis: bf7c407c2cedff20999df2af8eb42d56 -> 
========================================================================
Received Prepare
Registering precompiled user dll's ...
Registered in 0.025160 seconds.
Begin MonoManager ReloadAssembly
Native extension for WindowsStandalone target not found
Refreshing native plugins compatible for Editor in 0.78 ms, found 3 plugins.
Preloading 0 native plugins for Editor in 0.00 ms.
Mono: successfully reloaded assembly
- Completed reload, in  2.310 seconds
Platform modules already initialized, skipping
Refreshing native plugins compatible for Editor in 0.61 ms, found 3 plugins.
Preloading 0 native plugins for Editor in 0.00 ms.
Unloading 2111 Unused Serialized files (Serialized files now loaded: 0)
System memory in use before: 94.3 MB.
System memory in use after: 94.2 MB.

Unloading 24 unused Assets to reduce memory usage. Loaded Objects now: 2565.
Total: 19.794400 ms (FindLiveObjects: 0.430200 ms CreateObjectMapping: 0.151200 ms MarkObjects: 15.987700 ms  DeleteObjects: 3.220300 ms)

AssetImportParameters requested are different than current active one (requested -> active):
  custom:framework-win-MediaFoundation: 216162199b28c13a410421893ffa2e32 -> 
  custom:video-decoder-ogg-theora: a1e56fd34408186e4bbccfd4996cb3dc -> 
  custom:container-muxer-webm: aa71ff27fc2769a1b78a27578f13a17b -> 
  custom:container-demuxer-webm: 4f35f7cbe854078d1ac9338744f61a02 -> 
  custom:container-demuxer-ogg: 62fdf1f143b41e24485cea50d1cbac27 -> 
  custom:video-encoder-webm-vp8: eb34c28f22e8b96e1ab97ce403110664 -> 
  custom:video-codec-MediaFoundation-h265: 746d11721c4dcdbdad8f713fa42b33f4 -> 
  custom:video-decoder-webm-vp8: 9c59270c3fd7afecdb556c50c9e8de78 -> 
  custom:audio-decoder-ogg-vorbis: bf7c407c2cedff20999df2af8eb42d56 -> 
  custom:audio-encoder-webm-vorbis: bf7c407c2cedff20999df2af8eb42d56 -> 
AssetImportWorkerClient::OnTransportError - code=2 error=End of file
